JvmtiExport can_access_local_variables 0
JvmtiExport can_hotswap_or_post_breakpoint 0
JvmtiExport can_post_on_exceptions 0
# 349 ciObject found
ciMethod java/lang/Object <init> ()V 4097 1 3912193 0 0
ciMethod java/lang/Object hashCode ()I 2049 1 256 0 -1
ciMethod java/lang/Object equals (Ljava/lang/Object;)Z 3097 1 1318955 0 -1
ciMethod java/lang/String <init> ([CII)V 2049 1 6504 0 -1
ciMethod java/lang/String length ()I 4097 1 702913 0 -1
ciMethod java/lang/String getChars (II[CI)V 2545 1 5439 0 -1
ciMethod java/lang/String equals (Ljava/lang/Object;)Z 2129 11825 3453 0 -1
ciMethod java/lang/String hashCode ()I 2793 32769 1425 0 288
ciMethod java/lang/String valueOf (Ljava/lang/Object;)Ljava/lang/String; 1273 1 61767 0 -1
ciMethod java/util/Map size ()I 0 0 1 0 -1
ciMethod java/util/Map containsKey (Ljava/lang/Object;)Z 0 0 1 0 -1
ciMethod java/util/Map get (Ljava/lang/Object;)Ljava/lang/Object; 0 0 1 0 -1
ciMethod java/util/Map equals (Ljava/lang/Object;)Z 0 0 1 0 -1
ciMethod java/util/Map hashCode ()I 0 0 1 0 -1
ciMethod java/lang/AbstractStringBuilder <init> (I)V 625 1 167145 0 -1
ciMethod java/lang/AbstractStringBuilder ensureCapacityInternal (I)V 3081 1 229460 0 -1
ciMethod java/lang/AbstractStringBuilder expandCapacity (I)V 857 1 5228 0 -1
ciMethod java/lang/AbstractStringBuilder append (Ljava/lang/String;)Ljava/lang/AbstractStringBuilder; 953 1 11874 0 -1
ciMethod java/lang/AbstractStringBuilder appendNull ()Ljava/lang/AbstractStringBuilder; 1 1 6009 0 -1
ciMethod java/lang/StringBuilder <init> ()V 609 1 111062 0 192
ciMethod java/lang/StringBuilder append (Ljava/lang/Object;)Ljava/lang/StringBuilder; 169 1 18746 0 992
ciMethod java/lang/StringBuilder append (Ljava/lang/String;)Ljava/lang/StringBuilder; 953 1 370390 0 960
ciMethod java/lang/StringBuilder toString ()Ljava/lang/String; 609 1 127900 0 832
ciMethod java/lang/Boolean booleanValue ()Z 1241 1 155 0 -1
ciMethod java/lang/Boolean valueOf (Z)Ljava/lang/Boolean; 4097 1 362358 0 -1
ciMethod java/lang/Boolean valueOf (Ljava/lang/String;)Ljava/lang/Boolean; 1577 1 2498 0 -1
ciMethod java/lang/Float isNaN (F)Z 2049 1 13712 0 96
ciMethod java/util/Collection size ()I 0 0 1 0 -1
ciMethod java/util/Collection contains (Ljava/lang/Object;)Z 0 0 1 0 -1
ciMethod java/util/Collection iterator ()Ljava/util/Iterator; 0 0 1 0 -1
ciMethod java/util/AbstractCollection <init> ()V 273 1 176508 0 0
ciMethod java/util/AbstractCollection add (Ljava/lang/Object;)Z 0 0 1 0 -1
ciMethod java/util/AbstractCollection addAll (Ljava/util/Collection;)Z 2065 4401 5663 0 352
ciMethod java/util/Set iterator ()Ljava/util/Iterator; 0 0 1 0 -1
ciMethod java/util/AbstractSet <init> ()V 65 1 88101 0 0
ciMethod java/util/AbstractMap <init> ()V 369 1 79395 0 32
ciMethod java/util/AbstractMap size ()I 0 0 1 0 -1
ciMethod java/util/AbstractMap entrySet ()Ljava/util/Set; 0 0 1 0 -1
ciMethod java/util/AbstractMap equals (Ljava/lang/Object;)Z 3137 49 6852 0 0
ciMethod java/util/AbstractMap hashCode ()I 3121 169 6739 0 1088
ciMethod java/util/HashMap hash (Ljava/lang/Object;)I 2169 1 135103 0 160
ciMethod java/util/HashMap tableSizeFor (I)I 3073 1 5509 0 128
ciMethod java/util/HashMap <init> (IF)V 81 1 12502 0 352
ciMethod java/util/HashMap <init> (I)V 81 1 5995 0 0
ciMethod java/util/HashMap <init> ()V 153 1 64978 0 32
ciMethod java/util/HashMap size ()I 1033 1 129 0 0
ciMethod java/util/HashMap get (Ljava/lang/Object;)Ljava/lang/Object; 3161 1 26790 0 672
ciMethod java/util/HashMap getNode (ILjava/lang/Object;)Ljava/util/HashMap$Node; 3073 9 12884 0 544
ciMethod java/util/HashMap containsKey (Ljava/lang/Object;)Z 4097 1 8711 0 640
ciMethod java/util/HashMap put (Ljava/lang/Object;Ljava/lang/Object;)Ljava/lang/Object; 2193 1 52649 0 -1
ciMethod java/util/HashMap keySet ()Ljava/util/Set; 2049 1 5424 0 192
ciMethod java/util/HashMap entrySet ()Ljava/util/Set; 4097 1 6721 0 192
ciMethod java/util/Map$Entry getKey ()Ljava/lang/Object; 0 0 1 0 -1
ciMethod java/util/Map$Entry getValue ()Ljava/lang/Object; 0 0 1 0 -1
ciMethod java/util/Map$Entry hashCode ()I 0 0 1 0 -1
ciMethod java/util/HashMap$Node getKey ()Ljava/lang/Object; 1161 1 145 0 0
ciMethod java/util/HashMap$Node getValue ()Ljava/lang/Object; 1673 1 209 0 0
ciMethod java/util/HashMap$Node hashCode ()I 2969 1 371 0 0
ciMethod java/lang/Math max (II)I 465 1 27021 0 -1
ciMethod java/util/Objects hashCode (Ljava/lang/Object;)I 2097 1 742 0 0
ciMethod java/util/Iterator hasNext ()Z 0 0 1 0 -1
ciMethod java/util/Iterator next ()Ljava/lang/Object; 0 0 1 0 -1
ciMethod java/util/LinkedHashMap keySet ()Ljava/util/Set; 3161 1 5578 0 192
ciMethodData java/lang/Object <init> ()V 2 3912193 orig 264 72 34 125 95 0 0 0 0 128 4 71 20 0 0 0 0 32 1 0 0 0 0 0 0 0 0 0 0 0 0 0 0 0 0 0 0 0 0 0 0 0 0 0 0 0 0 0 0 0 0 0 0 0 0 0 0 0 0 0 0 0 0 0 0 0 0 0 0 0 0 0 0 0 0 0 0 0 0 0 0 77 68 79 32 101 120 116 114 97 32 100 97 116 97 32 108 111 99 107 0 0 0 0 0 0 0 0 0 0 0 0 0 0 0 0 0 0 0 0 0 0 0 0 0 0 0 0 0 0 0 0 0 0 0 0 0 0 0 0 0 0 0 0 0 0 0 0 0 0 0 0 0 0 0 0 0 0 0 0 0 0 0 0 0 0 0 0 0 0 0 0 0 0 0 0 0 0 0 0 0 0 0 0 0 1 0 0 0 0 0 0 0 1 0 0 0 0 0 0 0 1 0 0 0 0 0 0 0 0 0 0 0 0 0 0 0 0 2 0 0 9 128 221 1 1 0 0 0 0 0 0 0 0 0 0 0 2 0 0 0 0 0 3 0 1 0 0 0 0 0 0 0 255 255 255 255 0 0 0 0 0 0 0 0 data 0 oops 0
ciMethod java/util/HashMap$TreeNode getTreeNode (ILjava/lang/Object;)Ljava/util/HashMap$TreeNode; 0 0 1 0 -1
ciMethodData java/lang/String hashCode ()I 2 21202 orig 264 72 34 125 95 0 0 0 0 184 79 71 20 0 0 0 0 152 1 0 0 32 0 0 0 0 0 0 0 0 0 0 0 0 0 0 0 0 0 0 0 0 0 0 0 0 0 0 0 0 0 0 0 0 0 0 0 0 0 0 0 0 0 0 0 0 0 0 0 0 0 0 0 0 0 0 0 0 0 0 0 77 68 79 32 101 120 116 114 97 32 100 97 116 97 32 108 111 99 107 0 0 0 0 0 0 0 0 0 0 0 0 0 0 0 0 0 0 0 0 0 0 0 0 0 0 0 0 0 0 0 0 0 0 0 0 0 0 0 0 0 0 0 0 0 0 0 0 0 0 0 0 0 0 0 0 0 0 0 0 0 0 0 0 0 0 0 0 0 0 0 0 0 0 0 0 0 0 0 0 0 0 0 0 0 1 0 0 0 0 0 0 0 0 0 0 0 0 0 0 0 1 0 0 0 0 0 0 0 0 0 0 0 0 0 0 0 0 16 0 0 161 33 0 0 145 22 2 0 0 0 0 0 0 0 0 0 2 0 0 0 1 0 11 0 2 0 0 0 120 0 0 0 255 255 255 255 7 0 6 0 0 0 0 0 data 15 0x60007 0x143 0x78 0x2f1 0xe0007 0x1 0x58 0x2f0 0x1e0007 0x2f0 0x38 0x42c6 0x2d0003 0x42c6 0xffffffffffffffe0 oops 0
ciMethod java/util/HashSet <init> ()V 17 1 27597 0 192
ciMethod java/util/HashSet <init> (Ljava/util/Collection;)V 4097 1 5743 0 576
ciMethod java/util/HashSet iterator ()Ljava/util/Iterator; 2065 1 19683 0 1344
ciMethod java/util/HashSet size ()I 2305 1 39446 0 64
ciMethod java/util/HashSet contains (Ljava/lang/Object;)Z 3969 1 5644 0 1408
ciMethod java/util/HashSet add (Ljava/lang/Object;)Z 2049 1 46093 0 3584
ciMethodData java/lang/StringBuilder <init> ()V 2 111738 orig 264 72 34 125 95 0 0 0 0 176 116 78 20 0 0 0 0 48 1 0 0 0 0 0 0 0 0 0 0 0 0 0 0 0 0 0 0 0 0 0 0 0 0 0 0 0 0 0 0 0 0 0 0 0 0 0 0 0 0 0 0 0 0 0 0 0 0 0 0 0 0 0 0 0 0 0 0 0 0 0 0 77 68 79 32 101 120 116 114 97 32 100 97 116 97 32 108 111 99 107 0 0 0 0 0 0 0 0 0 0 0 0 0 0 0 0 0 0 0 0 0 0 0 0 0 0 0 0 0 0 0 0 0 0 0 0 0 0 0 0 0 0 0 0 0 0 0 0 0 0 0 0 0 0 0 0 0 0 0 0 0 0 0 0 0 0 0 0 0 0 0 0 0 0 0 0 0 0 0 0 0 0 0 0 0 0 0 0 0 0 0 0 0 0 0 0 0 0 0 0 0 0 0 0 0 0 0 0 0 0 0 0 0 0 0 0 0 76 0 0 0 113 161 13 0 1 0 0 0 0 0 0 0 0 0 0 0 2 0 0 0 0 0 3 0 2 0 0 0 16 0 0 0 255 255 255 255 2 0 3 0 0 0 0 0 data 2 0x30002 0x1b42e oops 0
ciMethodData java/lang/AbstractStringBuilder <init> (I)V 2 167957 orig 264 72 34 125 95 0 0 0 0 152 56 78 20 0 0 0 0 56 1 0 0 0 0 0 0 0 0 0 0 0 0 0 0 0 0 0 0 0 0 0 0 0 0 0 0 0 0 0 0 0 0 0 0 0 0 0 0 0 0 0 0 0 0 0 0 0 0 0 0 0 0 0 0 0 0 0 0 0 0 0 0 77 68 79 32 101 120 116 114 97 32 100 97 116 97 32 108 111 99 107 0 0 0 0 0 0 0 0 0 0 0 0 0 0 0 0 0 0 0 0 0 0 0 0 0 0 0 0 0 0 0 0 0 0 0 0 0 0 0 0 0 0 0 0 0 0 0 0 0 0 0 0 0 0 0 0 0 0 0 0 0 0 0 0 0 0 0 0 0 0 0 0 0 0 0 0 0 0 0 0 0 0 0 0 0 9 0 0 0 0 0 0 0 0 0 0 0 0 0 0 0 1 0 0 0 0 0 0 0 0 0 0 0 0 0 0 0 78 0 0 0 57 126 20 0 1 0 0 0 0 0 0 0 0 0 0 0 2 0 0 0 0 0 3 0 2 0 0 0 16 0 0 0 255 255 255 255 2 0 1 0 0 0 0 0 data 2 0x10002 0x28fc6 oops 0
ciMethodData java/lang/StringBuilder append (Ljava/lang/String;)Ljava/lang/StringBuilder; 2 372921 orig 264 72 34 125 95 0 0 0 0 200 119 78 20 0 0 0 0 56 1 0 0 0 0 0 0 0 0 0 0 0 0 0 0 0 0 0 0 0 0 0 0 0 0 0 0 0 0 0 0 0 0 0 0 0 0 0 0 0 0 0 0 0 0 0 0 0 0 0 0 0 0 0 0 0 0 0 0 0 0 0 0 77 68 79 32 101 120 116 114 97 32 100 97 116 97 32 108 111 99 107 0 0 0 0 0 0 0 0 0 0 0 0 0 0 0 0 0 0 0 0 0 0 0 0 0 0 0 0 0 0 0 0 0 0 0 0 0 0 0 0 0 0 0 0 0 1 0 0 0 0 0 0 0 0 0 0 0 0 0 0 0 0 0 0 0 0 0 0 0 0 0 0 0 0 0 0 0 0 0 0 0 0 0 0 0 0 0 0 0 0 0 0 0 0 0 0 0 0 0 0 0 0 0 0 0 0 0 0 0 0 0 0 0 0 0 0 0 119 0 0 0 17 130 45 0 1 0 0 0 109 37 3 0 0 0 0 0 2 0 0 0 0 0 3 0 2 0 0 0 16 0 0 0 255 255 255 255 2 0 2 0 0 0 0 0 data 2 0x20002 0x5b040 oops 0
ciMethodData java/lang/AbstractStringBuilder append (Ljava/lang/String;)Ljava/lang/AbstractStringBuilder; 2 11874 orig 264 72 34 125 95 0 0 0 0 184 67 78 20 0 0 0 0 240 1 0 0 0 0 0 0 0 0 0 0 0 0 0 0 0 0 0 0 0 0 0 0 0 0 0 0 0 0 0 0 0 0 0 0 0 0 0 0 0 0 0 0 0 0 0 0 0 0 0 0 0 0 0 0 0 0 0 0 0 0 0 0 77 68 79 32 101 120 116 114 97 32 100 97 116 97 32 108 111 99 107 0 0 0 0 0 0 0 0 0 0 0 0 0 0 0 0 0 0 0 0 0 0 0 0 0 0 0 0 0 0 0 0 0 0 0 0 0 0 0 0 0 0 0 0 0 1 0 0 0 1 0 0 0 0 0 0 0 0 0 0 0 0 0 0 0 0 0 0 0 0 0 0 0 0 0 0 0 0 0 0 2 0 0 0 0 0 0 0 0 0 0 0 0 0 0 0 0 0 0 0 0 0 0 0 0 0 0 0 0 0 0 0 0 0 0 0 0 119 0 0 0 89 111 1 0 1 0 0 0 190 21 0 0 0 0 0 0 2 0 0 0 0 0 9 0 2 0 0 0 160 0 0 0 255 255 255 255 7 224 1 0 0 0 0 0 data 20 0x1e007 0x2d94 0x30 0x59 0x50002 0x59 0xa0005 0xa5 0x2bab300 0x2cef 0x0 0x0 0x150002 0x2d94 0x230005 0xa5 0x2bab300 0x2cef 0x0 0x0 oops 2 8 java/lang/String 16 java/lang/String
ciMethodData java/lang/StringBuilder toString ()Ljava/lang/String; 2 128576 orig 264 72 34 125 95 0 0 0 0 120 139 78 20 0 0 0 0 48 1 0 0 0 0 0 0 0 0 0 0 0 0 0 0 0 0 0 0 0 0 0 0 0 0 0 0 0 0 0 0 0 0 0 0 0 0 0 0 0 0 0 0 0 0 0 0 0 0 0 0 0 0 0 0 0 0 0 0 0 0 0 0 77 68 79 32 101 120 116 114 97 32 100 97 116 97 32 108 111 99 107 0 0 0 0 0 0 0 0 0 0 0 0 0 0 0 0 0 0 0 0 0 0 0 0 0 0 0 0 0 0 0 0 0 0 0 0 0 0 0 0 0 0 0 0 0 0 0 0 0 0 0 0 0 0 0 0 0 0 0 0 0 0 0 0 0 0 0 0 0 0 0 0 0 0 0 0 0 0 0 0 0 0 0 0 0 29 0 0 0 0 0 0 0 0 0 0 0 0 0 0 0 1 0 0 0 0 0 0 0 0 0 0 0 0 0 0 0 76 0 0 0 161 175 15 0 1 0 0 0 0 0 0 0 0 0 0 0 2 0 0 0 0 0 3 0 2 0 0 0 16 0 0 0 255 255 255 255 2 0 13 0 0 0 0 0 data 2 0xd0002 0x1f5f3 oops 0
ciMethod java/util/Collections$UnmodifiableMap size ()I 2073 1 5394 0 96
ciMethod java/util/Collections$UnmodifiableMap containsKey (Ljava/lang/Object;)Z 2049 1 793 0 0
ciMethod java/util/Collections$UnmodifiableMap get (Ljava/lang/Object;)Ljava/lang/Object; 3777 1 6407 0 0
ciMethod java/util/Collections$UnmodifiableMap equals (Ljava/lang/Object;)Z 36849 1 15430 0 0
ciMethod java/util/Collections$UnmodifiableMap hashCode ()I 3169 1 3199 0 0
ciMethod java/util/HashMap$EntrySet <init> (Ljava/util/HashMap;)V 1817 1 1068 0 0
ciMethod java/util/HashMap$EntrySet iterator ()Ljava/util/Iterator; 3273 1 5843 0 736
ciMethod java/util/HashMap$EntryIterator <init> (Ljava/util/HashMap;)V 3273 1 5843 0 0
ciMethod java/util/HashMap$EntryIterator next ()Ljava/util/Map$Entry; 2185 1 5702 0 0
ciMethod java/util/HashMap$EntryIterator next ()Ljava/lang/Object; 2185 1 5702 0 448
ciMethod java/util/HashMap$HashIterator <init> (Ljava/util/HashMap;)V 3545 8193 3309 0 640
ciMethod java/util/HashMap$HashIterator hasNext ()Z 2081 1 5501 0 64
ciMethod java/util/HashMap$HashIterator nextNode ()Ljava/util/HashMap$Node; 2049 4769 4983 0 448
ciMethodData java/lang/String length ()I 2 702913 orig 264 72 34 125 95 0 0 0 0 24 60 71 20 0 0 0 0 32 1 0 0 0 0 0 0 0 0 0 0 0 0 0 0 0 0 0 0 0 0 0 0 0 0 0 0 0 0 0 0 0 0 0 0 0 0 0 0 0 0 0 0 0 0 0 0 0 0 0 0 0 0 0 0 0 0 0 0 0 0 0 0 77 68 79 32 101 120 116 114 97 32 100 97 116 97 32 108 111 99 107 0 0 0 0 0 0 0 0 0 0 0 0 0 0 0 0 0 0 0 0 0 0 0 0 0 0 0 0 0 0 0 0 0 0 0 0 0 0 0 0 0 0 0 0 0 0 0 0 0 0 0 0 0 0 0 0 0 0 0 0 0 0 0 0 0 0 0 0 0 0 0 0 0 0 0 0 0 0 0 0 0 0 0 0 0 1 0 0 0 0 0 0 0 0 0 0 0 0 0 0 0 1 0 0 0 0 0 0 0 0 0 0 0 0 0 0 0 0 2 0 0 9 190 85 0 1 0 0 0 0 0 0 0 0 0 0 0 2 0 0 0 0 0 3 0 1 0 0 0 0 0 0 0 255 255 255 255 0 0 0 0 0 0 0 0 data 0 oops 0
ciMethodData java/lang/AbstractStringBuilder ensureCapacityInternal (I)V 2 229460 orig 264 72 34 125 95 0 0 0 0 8 59 78 20 0 0 0 0 160 1 0 0 0 0 0 0 0 0 0 0 0 0 0 0 0 0 0 0 0 0 0 0 0 0 0 0 0 0 0 0 0 0 0 0 0 0 0 0 0 0 0 0 0 0 0 0 0 0 0 0 0 0 0 0 0 0 0 0 0 0 0 0 77 68 79 32 101 120 116 114 97 32 100 97 116 97 32 108 111 99 107 0 0 0 0 0 0 0 0 0 0 0 0 0 0 0 0 0 0 0 0 0 0 0 0 0 0 0 0 0 0 0 0 0 0 0 0 0 0 0 0 0 0 0 0 0 0 0 0 0 0 0 0 0 0 0 0 0 0 0 0 0 0 0 0 0 0 0 0 0 0 0 0 0 0 0 0 0 0 0 0 0 0 0 0 0 0 0 0 0 0 0 0 0 0 0 0 0 0 0 0 0 0 0 0 0 0 0 0 0 0 0 0 0 0 0 0 0 129 1 0 0 153 246 27 0 1 0 0 0 0 0 0 0 0 0 0 0 2 0 0 0 0 0 6 0 2 0 0 0 80 0 0 0 255 255 255 255 7 0 7 0 0 0 0 0 data 10 0x70007 0x3634f 0x50 0x1b84 0xc0005 0x0 0x14e64f80 0x1646 0x14e64a40 0x53e oops 2 6 java/lang/StringBuilder 8 java/lang/StringBuffer
ciMethodData java/lang/AbstractStringBuilder expandCapacity (I)V 2 5228 orig 264 72 34 125 95 0 0 0 0 208 59 78 20 0 0 0 0 208 1 0 0 96 0 0 0 0 0 0 0 0 0 0 0 0 0 0 0 0 0 0 0 0 0 0 0 0 0 0 0 0 0 0 0 0 0 0 0 0 0 0 0 0 0 0 0 0 0 0 0 0 0 0 0 0 0 0 0 0 0 0 0 77 68 79 32 101 120 116 114 97 32 100 97 116 97 32 108 111 99 107 0 0 0 0 0 0 0 0 0 0 0 0 0 0 0 0 0 0 0 0 0 0 0 0 0 0 0 0 0 0 0 0 0 0 0 0 0 0 0 0 0 0 0 0 0 0 0 0 0 0 0 0 0 0 0 0 0 0 0 0 0 0 0 0 0 0 0 0 0 0 0 0 0 0 0 0 0 0 0 0 0 0 0 0 0 25 0 0 0 0 0 0 0 0 0 0 0 0 0 0 0 1 0 0 0 0 0 0 0 0 0 0 0 0 0 0 0 107 0 0 0 9 160 0 0 1 0 0 0 0 0 0 0 0 0 0 0 2 0 0 0 0 0 16 0 2 0 0 0 128 0 0 0 255 255 255 255 7 0 13 0 0 0 0 0 data 16 0xd0007 0xcad 0x20 0x754 0x130007 0x1401 0x50 0x0 0x170007 0x0 0x30 0x0 0x1e0002 0x0 0x2b0002 0x1401 oops 0
ciMethodData java/lang/AbstractStringBuilder appendNull ()Ljava/lang/AbstractStringBuilder; 2 6009 orig 264 72 34 125 95 0 0 0 0 232 70 78 20 0 0 0 0 48 1 0 0 0 0 0 0 0 0 0 0 0 0 0 0 0 0 0 0 0 0 0 0 0 0 0 0 0 0 0 0 0 0 0 0 0 0 0 0 0 0 0 0 0 0 0 0 0 0 0 0 0 0 0 0 0 0 0 0 0 0 0 0 77 68 79 32 101 120 116 114 97 32 100 97 116 97 32 108 111 99 107 0 0 0 0 0 0 0 0 0 0 0 0 0 0 0 0 0 0 0 0 0 0 0 0 0 0 0 0 0 0 0 0 0 0 0 0 0 0 0 0 0 0 0 0 0 0 0 0 0 0 0 0 0 0 0 0 0 0 0 0 0 0 0 0 0 0 0 0 0 0 0 0 0 0 0 0 0 0 0 0 0 0 0 0 0 19 0 0 0 0 0 0 0 0 0 0 0 0 0 0 0 0 0 0 0 0 0 0 0 1 0 0 0 0 0 0 0 0 0 0 0 201 187 0 0 1 0 0 0 0 0 0 0 0 0 0 0 2 0 0 0 0 0 7 0 2 0 0 0 16 0 0 0 255 255 255 255 2 0 9 0 0 0 0 0 data 2 0x90002 0x1779 oops 0
ciMethodData java/lang/String getChars (II[CI)V 2 5439 orig 264 72 34 125 95 0 0 0 0 192 65 71 20 0 0 0 0 8 2 0 0 128 0 0 0 0 0 0 0 0 0 0 0 0 0 0 0 0 0 0 0 0 0 0 0 0 0 0 0 0 0 0 0 0 0 0 0 0 0 0 0 0 0 0 0 0 0 0 0 0 0 0 0 0 0 0 0 0 0 0 0 77 68 79 32 101 120 116 114 97 32 100 97 116 97 32 108 111 99 107 0 0 0 0 0 0 0 0 0 0 0 0 0 0 0 0 0 0 0 0 0 0 0 0 0 0 0 0 0 0 0 0 0 0 0 0 0 0 0 0 0 0 0 0 0 0 0 0 0 0 0 0 0 0 0 0 0 0 0 0 0 0 0 0 0 0 0 0 0 0 0 0 0 0 0 0 0 0 0 0 0 0 0 0 0 25 0 0 0 0 0 0 0 0 0 0 0 0 0 0 0 1 0 0 0 0 0 0 0 0 0 0 0 0 0 0 0 62 1 0 0 9 160 0 0 1 0 0 0 0 0 0 0 0 0 0 0 2 0 0 0 0 0 9 0 2 0 0 0 160 0 0 0 255 255 255 255 7 0 1 0 0 0 0 0 data 20 0x10007 0x1401 0x30 0x0 0x90002 0x0 0x130007 0x1401 0x30 0x0 0x1b0002 0x0 0x210007 0x1401 0x30 0x0 0x2b0002 0x0 0x3a0002 0x1401 oops 0
ciMethodData java/util/HashMap hash (Ljava/lang/Object;)I 2 135103 orig 264 72 34 125 95 0 0 0 0 168 97 85 20 0 0 0 0 176 1 0 0 0 0 0 0 0 0 0 0 0 0 0 0 0 0 0 0 0 0 0 0 0 0 0 0 0 0 0 0 0 0 0 0 0 0 0 0 0 0 0 0 0 0 0 0 0 0 0 0 0 0 0 0 0 0 0 0 0 0 0 0 77 68 79 32 101 120 116 114 97 32 100 97 116 97 32 108 111 99 107 0 0 0 0 0 0 0 0 0 0 0 0 0 0 0 0 0 0 0 0 0 0 0 0 0 0 0 0 0 0 0 0 0 0 0 0 0 0 0 0 0 0 0 0 0 0 0 0 0 0 0 0 0 0 0 0 0 0 0 0 0 0 0 0 0 0 0 0 0 0 0 0 0 0 0 0 0 0 0 0 1 0 0 0 0 17 0 0 0 0 0 0 0 0 0 0 0 0 0 0 0 0 0 0 0 0 0 0 0 0 0 0 0 0 0 0 0 15 1 0 0 129 117 16 0 1 0 0 0 115 74 0 0 0 0 0 0 2 0 0 0 0 0 6 0 2 0 0 0 104 0 0 0 255 255 255 255 7 224 1 0 0 0 0 0 data 13 0x1e007 0x20e22 0x38 0x8f 0x50003 0x8f 0x48 0x90005 0x58f1 0x2bab300 0x14b42 0x1e50e320 0xa5a oops 2 9 java/lang/String 11 java/util/jar/Attributes$Name
ciMethodData java/util/HashSet <init> ()V 2 27597 orig 264 72 34 125 95 0 0 0 0 48 75 99 20 0 0 0 0 64 1 0 0 0 0 0 0 0 0 0 0 0 0 0 0 0 0 0 0 0 0 0 0 0 0 0 0 0 0 0 0 0 0 0 0 0 0 0 0 0 0 0 0 0 0 0 0 0 0 0 0 0 0 0 0 0 0 0 0 0 0 0 0 77 68 79 32 101 120 116 114 97 32 100 97 116 97 32 108 111 99 107 0 0 0 0 0 0 0 0 0 0 0 0 0 0 0 0 0 0 0 0 0 0 0 0 0 0 0 0 0 0 0 0 0 0 0 0 0 0 0 0 0 0 0 0 0 0 0 0 0 0 0 0 0 0 0 0 0 0 0 0 0 0 0 0 0 0 0 0 0 0 0 0 0 0 0 0 0 0 0 0 0 0 0 0 0 0 0 0 0 0 0 0 0 0 0 0 0 0 0 0 0 0 0 0 0 0 0 0 0 0 0 0 0 0 0 0 0 2 0 0 0 89 94 3 0 1 0 0 0 0 0 0 0 0 0 0 0 2 0 0 0 0 0 3 0 2 0 0 0 32 0 0 0 255 255 255 255 2 0 1 0 0 0 0 0 data 4 0x10002 0x6bcb 0x90002 0x6bcb oops 0
ciMethodData java/util/AbstractSet <init> ()V 2 88101 orig 264 72 34 125 95 0 0 0 0 168 123 84 20 0 0 0 0 48 1 0 0 0 0 0 0 0 0 0 0 0 0 0 0 0 0 0 0 0 0 0 0 0 0 0 0 0 0 0 0 0 0 0 0 0 0 0 0 0 0 0 0 0 0 0 0 0 0 0 0 0 0 0 0 0 0 0 0 0 0 0 0 77 68 79 32 101 120 116 114 97 32 100 97 116 97 32 108 111 99 107 0 0 0 0 0 0 0 0 0 0 0 0 0 0 0 0 0 0 0 0 0 0 0 0 0 0 0 0 0 0 0 0 0 0 0 0 0 0 0 0 0 0 0 0 0 0 0 0 0 0 0 0 0 0 0 0 0 0 0 0 0 0 0 0 0 0 0 0 0 0 0 0 0 0 0 0 0 0 0 0 0 0 0 0 0 1 0 0 0 0 0 0 0 0 0 0 0 0 0 0 0 1 0 0 0 0 0 0 0 0 0 0 0 0 0 0 0 8 0 0 0 233 192 10 0 1 0 0 0 0 0 0 0 0 0 0 0 2 0 0 0 0 0 3 0 2 0 0 0 16 0 0 0 255 255 255 255 2 0 1 0 0 0 0 0 data 2 0x10002 0x1581d oops 0
ciMethodData java/util/AbstractCollection <init> ()V 2 176508 orig 264 72 34 125 95 0 0 0 0 40 96 83 20 0 0 0 0 48 1 0 0 0 0 0 0 0 0 0 0 0 0 0 0 0 0 0 0 0 0 0 0 0 0 0 0 0 0 0 0 0 0 0 0 0 0 0 0 0 0 0 0 0 0 0 0 0 0 0 0 0 0 0 0 0 0 0 0 0 0 0 0 77 68 79 32 101 120 116 114 97 32 100 97 116 97 32 108 111 99 107 0 0 0 0 0 0 0 0 0 0 0 0 0 0 0 0 0 0 0 0 0 0 0 0 0 0 0 0 0 0 0 0 0 0 0 0 0 0 0 0 0 0 0 0 0 0 0 0 0 0 0 0 0 0 0 0 0 0 0 0 0 0 0 0 0 0 0 0 0 0 0 0 0 0 0 0 0 0 0 0 0 0 0 0 0 1 0 0 0 0 0 0 0 0 0 0 0 0 0 0 0 1 0 0 0 0 0 0 0 0 0 0 0 0 0 0 0 34 0 0 0 209 138 21 0 1 0 0 0 0 0 0 0 0 0 0 0 2 0 0 0 0 0 3 0 2 0 0 0 16 0 0 0 255 255 255 255 2 0 1 0 0 0 0 0 data 2 0x10002 0x2b15a oops 0
ciMethodData java/util/HashMap <init> ()V 2 64978 orig 264 72 34 125 95 0 0 0 0 96 102 85 20 0 0 0 0 48 1 0 0 0 0 0 0 0 0 0 0 0 0 0 0 0 0 0 0 0 0 0 0 0 0 0 0 0 0 0 0 0 0 0 0 0 0 0 0 0 0 0 0 0 0 0 0 0 0 0 0 0 0 0 0 0 0 0 0 0 0 0 0 77 68 79 32 101 120 116 114 97 32 100 97 116 97 32 108 111 99 107 0 0 0 0 0 0 0 0 0 0 0 0 0 0 0 0 0 0 0 0 0 0 0 0 0 0 0 0 0 0 0 0 0 0 0 0 0 0 0 0 0 0 0 0 0 0 0 0 0 0 0 0 0 0 0 0 0 0 0 0 0 0 0 0 0 0 0 0 0 0 0 0 0 0 0 0 0 0 0 0 0 0 0 0 0 1 0 0 0 0 0 0 0 0 0 0 0 0 0 0 0 1 0 0 0 0 0 0 0 0 0 0 0 0 0 0 0 19 0 0 0 249 237 7 0 1 0 0 0 0 0 0 0 0 0 0 0 2 0 0 0 0 0 3 0 2 0 0 0 16 0 0 0 255 255 255 255 2 0 1 0 0 0 0 0 data 2 0x10002 0xfdbf oops 0
ciMethodData java/util/AbstractMap <init> ()V 2 79395 orig 264 72 34 125 95 0 0 0 0 48 176 84 20 0 0 0 0 48 1 0 0 0 0 0 0 0 0 0 0 0 0 0 0 0 0 0 0 0 0 0 0 0 0 0 0 0 0 0 0 0 0 0 0 0 0 0 0 0 0 0 0 0 0 0 0 0 0 0 0 0 0 0 0 0 0 0 0 0 0 0 0 77 68 79 32 101 120 116 114 97 32 100 97 116 97 32 108 111 99 107 0 0 0 0 0 0 0 0 0 0 0 0 0 0 0 0 0 0 0 0 0 0 0 0 0 0 0 0 0 0 0 0 0 0 0 0 0 0 0 0 0 0 0 0 0 0 0 0 0 0 0 0 0 0 0 0 0 0 0 0 0 0 0 0 0 0 0 0 0 0 0 0 0 0 0 0 0 0 0 0 0 0 0 0 0 1 0 0 0 0 0 0 0 0 0 0 0 0 0 0 0 1 0 0 0 0 0 0 0 0 0 0 0 0 0 0 0 46 0 0 0 169 175 9 0 1 0 0 0 0 0 0 0 0 0 0 0 2 0 0 0 0 0 3 0 2 0 0 0 16 0 0 0 255 255 255 255 2 0 1 0 0 0 0 0 data 2 0x10002 0x135f5 oops 0
ciMethodData java/util/HashMap getNode (ILjava/lang/Object;)Ljava/util/HashMap$Node; 2 12884 orig 264 72 34 125 95 0 0 0 0 88 107 85 20 0 0 0 0 8 4 0 0 240 0 0 0 0 0 0 0 0 0 0 0 0 0 0 0 0 0 0 0 0 0 0 0 0 0 0 0 0 0 0 0 0 0 0 0 0 0 0 0 0 0 0 0 0 0 0 0 0 0 0 0 0 0 0 0 0 0 0 0 77 68 79 32 101 120 116 114 97 32 100 97 116 97 32 108 111 99 107 0 0 0 0 0 0 0 0 0 0 0 0 0 0 0 0 0 0 0 0 0 0 0 0 0 0 0 0 0 0 0 0 0 0 0 0 0 0 0 0 0 0 0 0 0 1 0 0 0 0 0 0 0 0 0 0 0 0 0 0 0 0 0 0 0 0 0 0 0 0 0 0 0 0 0 0 0 0 0 0 2 0 0 0 0 17 0 0 0 0 0 0 0 0 0 0 0 0 0 0 0 1 0 0 0 0 0 0 0 0 0 0 0 0 0 0 0 128 1 0 0 161 134 1 0 49 16 0 0 180 21 0 0 153 0 0 0 2 0 0 0 1 0 37 0 2 0 0 0 176 2 0 0 255 255 255 255 7 0 6 0 0 0 0 0 data 86 0x60007 0x7bd 0x2b0 0x2917 0xe0007 0x0 0x290 0x2917 0x1c0007 0xb8a 0x270 0x1d8d 0x250007 0x657 0xb0 0x1736 0x310007 0x640 0x90 0x10f6 0x350007 0x0 0x70 0x10f6 0x3b0005 0x1cf 0x14e655d0 0x7cb 0x2bab300 0x75c 0x3ee007 0x2f 0x20 0x10c8 0x4c0007 0x1a6 0x1a0 0x4e0 0x510004 0xfffffffffffffb20 0x1e50c040 0x3 0x0 0x0 0x540007 0x4e0 0x80 0x0 0x590004 0x0 0x0 0x0 0x0 0x0 0x5e0005 0x0 0x0 0x0 0x0 0x0 0x680007 0x206 0xb0 0x3cb 0x74e007 0x141 0x90 0x28b 0x780007 0x0 0x70 0x28b 0x7e0005 0x92 0x2bab300 0x1c0 0x1e50e320 0x39 0x810007 0x0 0x20 0x28b 0x8f0007 0xf1 0xffffffffffffff50 0x115 oops 5 26 java/security/CodeSource 28 java/lang/String 40 java/util/HashMap$Node 74 java/lang/String 76 java/util/jar/Attributes$Name
ciMethodData java/util/HashMap get (Ljava/lang/Object;)Ljava/lang/Object; 2 26790 orig 264 72 34 125 95 0 0 0 0 40 106 85 20 0 0 0 0 200 1 0 0 0 0 0 0 0 0 0 0 0 0 0 0 0 0 0 0 0 0 0 0 0 0 0 0 0 0 0 0 0 0 0 0 0 0 0 0 0 0 0 0 0 0 0 0 0 0 0 0 0 0 0 0 0 0 0 0 0 0 0 0 77 68 79 32 101 120 116 114 97 32 100 97 116 97 32 108 111 99 107 0 0 0 0 0 0 0 0 0 0 0 0 0 0 0 0 0 0 0 0 0 0 0 0 0 0 0 0 0 0 0 0 0 0 0 0 0 0 0 0 0 0 0 0 0 2 0 0 0 0 0 0 0 0 0 0 0 0 0 0 0 0 0 0 0 0 0 0 0 0 0 0 0 0 0 0 0 0 0 0 0 0 0 0 0 17 0 0 0 0 0 0 0 0 0 0 0 0 0 0 0 1 0 0 0 0 0 0 0 0 0 0 0 0 0 0 0 139 1 0 0 217 56 3 0 1 0 0 0 17 40 0 0 0 0 0 0 2 0 0 0 0 0 10 0 2 0 0 0 120 0 0 0 255 255 255 255 2 0 2 0 0 0 0 0 data 15 0x20002 0x671b 0x60005 0x15b 0x1a487de0 0x65c1 0x0 0x0 0xb0007 0x4355 0x38 0x23c8 0xf0003 0x23c8 0x18 oops 1 4 java/util/HashMap
ciMethodData java/util/HashMap <init> (I)V 2 5995 orig 264 72 34 125 95 0 0 0 0 192 101 85 20 0 0 0 0 56 1 0 0 0 0 0 0 0 0 0 0 0 0 0 0 0 0 0 0 0 0 0 0 0 0 0 0 0 0 0 0 0 0 0 0 0 0 0 0 0 0 0 0 0 0 0 0 0 0 0 0 0 0 0 0 0 0 0 0 0 0 0 0 77 68 79 32 101 120 116 114 97 32 100 97 116 97 32 108 111 99 107 0 0 0 0 0 0 0 0 0 0 0 0 0 0 0 0 0 0 0 0 0 0 0 0 0 0 0 0 0 0 0 0 0 0 0 0 0 0 0 0 0 0 0 0 0 0 0 0 0 0 0 0 0 0 0 0 0 0 0 0 0 0 0 0 0 0 0 0 0 0 0 0 0 0 0 0 0 0 0 0 0 0 0 0 0 0 0 0 0 0 0 0 0 0 0 0 0 0 0 0 0 0 0 0 0 0 0 0 0 0 0 0 0 0 0 0 0 10 0 0 0 9 187 0 0 1 0 0 0 0 0 0 0 0 0 0 0 2 0 0 0 0 0 3 0 2 0 0 0 16 0 0 0 255 255 255 255 2 0 4 0 0 0 0 0 data 2 0x40002 0x1761 oops 0
ciMethodData java/util/HashMap <init> (IF)V 2 12502 orig 264 72 34 125 95 0 0 0 0 40 101 85 20 0 0 0 0 104 3 0 0 240 1 0 0 0 0 0 0 0 0 0 0 0 0 0 0 0 0 0 0 0 0 0 0 0 0 0 0 0 0 0 0 0 0 0 0 0 0 0 0 0 0 0 0 0 0 0 0 0 0 0 0 0 0 0 0 0 0 0 0 77 68 79 32 101 120 116 114 97 32 100 97 116 97 32 108 111 99 107 0 0 0 0 0 0 0 0 0 0 0 0 0 0 0 0 0 0 0 0 0 0 0 0 0 0 0 0 0 0 0 0 0 0 0 0 0 0 0 0 0 0 0 0 0 1 0 0 0 0 0 0 0 0 0 0 0 0 0 0 0 0 0 0 0 0 0 0 0 0 0 0 0 0 0 0 0 0 0 0 0 0 0 0 0 25 0 0 0 0 0 0 0 0 0 0 0 0 0 0 0 1 0 0 0 0 0 0 0 0 0 0 0 0 0 0 0 10 0 0 0 97 134 1 0 1 0 0 0 59 20 0 0 0 0 0 0 2 0 0 0 0 0 17 0 2 0 0 0 16 2 0 0 255 255 255 255 2 0 1 0 0 0 0 0 data 66 0x10002 0x30cc 0x50007 0x30cb 0xd0 0x0 0x100002 0x0 0x150005 0x0 0x0 0x0 0x0 0x0 0x190005 0x0 0x0 0x0 0x0 0x0 0x1c0005 0x0 0x0 0x0 0x0 0x0 0x1f0002 0x0 0x260007 0x30cb 0x20 0x0 0x2f0007 0x0 0x50 0x30cc 0x330002 0x30cc 0x360007 0x30cb 0xd0 0x0 0x410002 0x0 0x460005 0x0 0x0 0x0 0x0 0x0 0x4a0005 0x0 0x0 0x0 0x0 0x0 0x4d0005 0x0 0x0 0x0 0x0 0x0 0x500002 0x0 0x5b0002 0x30cc oops 0
ciMethodData java/lang/StringBuilder append (Ljava/lang/Object;)Ljava/lang/StringBuilder; 2 18884 orig 264 72 34 125 95 0 0 0 0 48 119 78 20 0 0 0 0 144 1 0 0 0 0 0 0 0 0 0 0 0 0 0 0 0 0 0 0 0 0 0 0 0 0 0 0 0 0 0 0 0 0 0 0 0 0 0 0 0 0 0 0 0 0 0 0 0 0 0 0 0 0 0 0 0 0 0 0 0 0 0 0 77 68 79 32 101 120 116 114 97 32 100 97 116 97 32 108 111 99 107 0 0 0 0 0 0 0 0 0 0 0 0 0 0 0 0 0 0 0 0 0 0 0 0 0 0 0 0 0 0 0 0 0 0 0 0 0 0 0 0 0 0 0 0 0 0 0 0 0 0 0 0 0 0 0 0 0 0 0 0 0 0 0 0 0 0 0 0 0 0 0 0 0 0 0 0 0 0 0 0 0 0 0 0 0 0 0 0 0 0 0 0 0 0 0 0 0 0 0 0 0 0 0 0 0 0 0 0 0 0 0 0 0 0 0 0 0 21 0 0 0 121 77 2 0 1 0 0 0 0 0 0 0 0 0 0 0 2 0 0 0 0 0 7 0 2 0 0 0 64 0 0 0 255 255 255 255 2 0 2 0 0 0 0 0 data 8 0x20002 0x49af 0x50005 0x123 0x14e64f80 0x488c 0x0 0x0 oops 1 4 java/lang/StringBuilder
ciMethodData java/lang/String valueOf (Ljava/lang/Object;)Ljava/lang/String; 2 62285 orig 264 72 34 125 95 0 0 0 0 128 112 71 20 0 0 0 0 176 1 0 0 32 0 0 0 0 0 0 0 0 0 0 0 0 0 0 0 0 0 0 0 0 0 0 0 0 0 0 0 0 0 0 0 0 0 0 0 0 0 0 0 0 0 0 0 0 0 0 0 0 0 0 0 0 0 0 0 0 0 0 0 77 68 79 32 101 120 116 114 97 32 100 97 116 97 32 108 111 99 107 0 0 0 0 0 0 0 0 0 0 0 0 0 0 0 0 0 0 0 0 0 0 0 0 0 0 0 0 0 0 0 0 0 0 0 0 0 0 0 0 0 0 0 0 0 0 0 0 0 0 0 0 0 0 0 0 0 0 0 0 0 0 0 0 0 0 0 0 0 0 0 0 0 0 0 0 0 0 0 0 0 0 0 0 0 17 0 0 0 0 0 0 0 0 0 0 0 0 0 0 0 0 0 0 0 0 0 0 0 0 0 0 0 0 0 0 0 159 0 0 0 113 149 7 0 1 0 0 0 0 0 0 0 0 0 0 0 2 0 0 0 0 0 6 0 2 0 0 0 104 0 0 0 255 255 255 255 7 0 1 0 0 0 0 0 data 13 0x10007 0xf2ae 0x38 0x0 0x60003 0x0 0x48 0xa0005 0x77a3 0x2bab300 0x4941 0x14e65300 0x6a oops 2 9 java/lang/String 11 java/net/URL
ciMethod java/util/LinkedHashMap$LinkedHashIterator <init> (Ljava/util/LinkedHashMap;)V 2049 1 17682 0 0
ciMethod java/util/LinkedHashMap$LinkedKeySet <init> (Ljava/util/LinkedHashMap;)V 3169 1 4780 0 0
ciMethod java/util/LinkedHashMap$LinkedKeySet iterator ()Ljava/util/Iterator; 3209 1 5554 0 224
ciMethod java/util/LinkedHashMap$LinkedKeyIterator <init> (Ljava/util/LinkedHashMap;)V 2105 1 5554 0 0
ciMethodData java/util/HashSet add (Ljava/lang/Object;)Z 2 46546 orig 264 72 34 125 95 0 0 0 0 240 80 99 20 0 0 0 0 184 1 0 0 0 0 0 0 0 0 0 0 0 0 0 0 0 0 0 0 0 0 0 0 0 0 0 0 0 0 0 0 0 0 0 0 0 0 0 0 0 0 0 0 0 0 0 0 0 0 0 0 0 0 0 0 0 0 0 0 0 0 0 0 77 68 79 32 101 120 116 114 97 32 100 97 116 97 32 108 111 99 107 0 0 0 0 0 0 0 0 0 0 0 0 0 0 0 0 0 0 0 0 0 0 0 0 0 0 0 0 0 0 0 0 0 0 0 0 0 0 0 0 0 0 0 0 0 1 0 0 0 0 0 0 0 0 0 0 0 0 0 0 0 0 0 0 0 0 0 0 0 0 0 0 0 0 0 0 0 0 0 0 0 0 0 0 0 17 0 0 0 0 0 0 0 0 0 0 0 0 0 0 0 1 0 0 0 0 0 0 0 0 0 0 0 0 0 0 0 0 1 0 0 145 166 5 0 1 0 0 0 11 20 0 0 0 0 0 0 2 0 0 0 0 0 6 0 2 0 0 0 104 0 0 0 255 255 255 255 5 0 8 0 0 0 0 0 data 13 0x80005 0x0 0x1a487de0 0x839c 0x1f9a39c0 0x3136 0xb0007 0x366d 0x38 0x7e66 0xf0003 0x7e66 0x18 oops 2 2 java/util/HashMap 4 java/util/LinkedHashMap
ciMethodData java/lang/Float isNaN (F)Z 2 13712 orig 264 72 34 125 95 0 0 0 0 224 192 80 20 0 0 0 0 88 1 0 0 0 0 0 0 0 0 0 0 0 0 0 0 0 0 0 0 0 0 0 0 0 0 0 0 0 0 0 0 0 0 0 0 0 0 0 0 0 0 0 0 0 0 0 0 0 0 0 0 0 0 0 0 0 0 0 0 0 0 0 0 77 68 79 32 101 120 116 114 97 32 100 97 116 97 32 108 111 99 107 0 0 0 0 0 0 0 0 0 0 0 0 0 0 0 0 0 0 0 0 0 0 0 0 0 0 0 0 0 0 0 0 0 0 0 0 0 0 0 0 0 0 0 0 0 0 0 0 0 0 0 0 0 0 0 0 0 0 0 0 0 0 0 0 0 0 0 0 0 0 0 0 0 0 0 0 0 0 0 0 0 0 0 0 0 25 0 0 0 0 0 0 0 0 0 0 0 0 0 0 0 0 0 0 0 0 0 0 0 0 0 0 0 0 0 0 0 0 1 0 0 129 164 1 0 1 0 0 0 0 0 0 0 0 0 0 0 2 0 0 0 0 0 6 0 2 0 0 0 56 0 0 0 255 255 255 255 7 0 3 0 0 0 0 0 data 7 0x30007 0x3490 0x38 0x0 0x70003 0x0 0x18 oops 0
ciMethod org/apache/ivy/core/module/id/ModuleRevisionId getModuleId ()Lorg/apache/ivy/core/module/id/ModuleId; 1065 1 133 0 0
ciMethod org/apache/ivy/core/module/id/ModuleRevisionId getRevision ()Ljava/lang/String; 1041 1 130 0 0
ciMethod org/apache/ivy/core/module/id/ModuleRevisionId equals (Ljava/lang/Object;)Z 2113 1 5591 0 1088
ciMethod org/apache/ivy/core/module/id/ModuleRevisionId hashCode ()I 4097 1 5967 0 1248
ciMethod org/apache/ivy/core/module/id/ModuleRevisionId getBranch ()Ljava/lang/String; 1433 1 179 0 0
ciMethod org/apache/ivy/util/extendable/UnmodifiableExtendableItem getQualifiedExtraAttributes ()Ljava/util/Map; 1177 1 147 0 0
ciMethod org/apache/ivy/core/module/descriptor/ModuleDescriptor getResolvedModuleRevisionId ()Lorg/apache/ivy/core/module/id/ModuleRevisionId; 0 0 1 0 -1
ciMethodData java/util/HashMap containsKey (Ljava/lang/Object;)Z 2 8711 orig 264 72 34 125 95 0 0 0 0 248 107 85 20 0 0 0 0 200 1 0 0 0 0 0 0 0 0 0 0 0 0 0 0 0 0 0 0 0 0 0 0 0 0 0 0 0 0 0 0 0 0 0 0 0 0 0 0 0 0 0 0 0 0 0 0 0 0 0 0 0 0 0 0 0 0 0 0 0 0 0 0 77 68 79 32 101 120 116 114 97 32 100 97 116 97 32 108 111 99 107 0 0 0 0 0 0 0 0 0 0 0 0 0 0 0 0 0 0 0 0 0 0 0 0 0 0 0 0 0 0 0 0 0 0 0 0 0 0 0 0 0 0 0 0 0 0 0 0 0 0 0 0 0 0 0 0 0 0 0 0 0 0 0 0 0 0 0 0 0 0 0 0 0 0 0 0 0 0 0 0 0 0 0 0 0 0 0 0 0 0 0 0 0 0 0 0 0 0 0 0 0 0 0 0 0 0 0 0 0 0 0 0 0 0 0 0 0 0 2 0 0 57 0 1 0 1 0 0 0 0 0 0 0 0 0 0 0 2 0 0 0 0 0 10 0 2 0 0 0 120 0 0 0 255 255 255 255 2 0 2 0 0 0 0 0 data 15 0x20002 0x2007 0x60005 0x46 0x1f9a39c0 0x35b 0x1a487de0 0x1c66 0x90007 0x8b5 0x38 0x1752 0xd0003 0x1752 0x18 oops 2 4 java/util/LinkedHashMap 6 java/util/HashMap
ciMethodData java/util/HashSet contains (Ljava/lang/Object;)Z 2 5644 orig 264 72 34 125 95 0 0 0 0 72 80 99 20 0 0 0 0 128 1 0 0 0 0 0 0 0 0 0 0 0 0 0 0 0 0 0 0 0 0 0 0 0 0 0 0 0 0 0 0 0 0 0 0 0 0 0 0 0 0 0 0 0 0 0 0 0 0 0 0 0 0 0 0 0 0 0 0 0 0 0 0 77 68 79 32 101 120 116 114 97 32 100 97 116 97 32 108 111 99 107 0 0 0 0 0 0 0 0 0 0 0 0 0 0 0 0 0 0 0 0 0 0 0 0 0 0 0 0 0 0 0 0 0 0 0 0 0 0 0 0 0 0 0 0 0 0 0 0 0 0 0 0 0 0 0 0 0 0 0 0 0 0 0 0 0 0 0 0 0 0 0 0 0 0 0 0 0 0 0 0 0 0 0 0 0 17 0 0 0 0 0 0 0 0 0 0 0 0 0 0 0 1 0 0 0 0 0 0 0 0 0 0 0 0 0 0 0 239 1 0 0 225 160 0 0 1 0 0 0 0 0 0 0 0 0 0 0 2 0 0 0 0 0 3 0 2 0 0 0 48 0 0 0 255 255 255 255 5 0 5 0 0 0 0 0 data 6 0x50005 0x0 0x1f9a39c0 0x351 0x1a487de0 0x10cb oops 2 2 java/util/LinkedHashMap 4 java/util/HashMap
ciMethod java/util/HashMap$KeyIterator <init> (Ljava/util/HashMap;)V 3289 1 5601 0 0
ciMethodData java/util/LinkedHashMap$LinkedHashIterator <init> (Ljava/util/LinkedHashMap;)V 2 17682 orig 264 72 34 125 95 0 0 0 0 64 181 122 20 0 0 0 0 56 1 0 0 0 0 0 0 0 0 0 0 0 0 0 0 0 0 0 0 0 0 0 0 0 0 0 0 0 0 0 0 0 0 0 0 0 0 0 0 0 0 0 0 0 0 0 0 0 0 0 0 0 0 0 0 0 0 0 0 0 0 0 0 77 68 79 32 101 120 116 114 97 32 100 97 116 97 32 108 111 99 107 0 0 0 0 0 0 0 0 0 0 0 0 0 0 0 0 0 0 0 0 0 0 0 0 0 0 0 0 0 0 0 0 0 0 0 0 0 0 0 0 0 0 0 0 0 0 0 0 0 0 0 0 0 0 0 0 0 0 0 0 0 0 0 0 0 0 0 0 0 0 0 0 0 0 0 0 0 0 0 0 0 0 0 0 0 1 0 0 0 0 0 0 0 0 0 0 0 0 0 0 0 1 0 0 0 0 0 0 0 0 0 0 0 0 0 0 0 0 1 0 0 145 32 2 0 1 0 0 0 0 0 0 0 0 0 0 0 2 0 0 0 0 0 3 0 2 0 0 0 16 0 0 0 255 255 255 255 2 0 6 0 0 0 0 0 data 2 0x60002 0x4413 oops 0
ciMethodData java/util/HashMap tableSizeFor (I)I 2 5509 orig 264 72 34 125 95 0 0 0 0 48 100 85 20 0 0 0 0 152 1 0 0 0 0 0 0 0 0 0 0 0 0 0 0 0 0 0 0 0 0 0 0 0 0 0 0 0 0 0 0 0 0 0 0 0 0 0 0 0 0 0 0 0 0 0 0 0 0 0 0 0 0 0 0 0 0 0 0 0 0 0 0 77 68 79 32 101 120 116 114 97 32 100 97 116 97 32 108 111 99 107 0 0 0 0 0 0 0 0 0 0 0 0 0 0 0 0 0 0 0 0 0 0 0 0 0 0 0 0 0 0 0 0 0 0 0 0 0 0 0 0 0 0 0 0 0 0 0 0 0 0 0 0 0 0 0 0 0 0 0 0 0 0 0 0 0 0 0 0 0 0 0 0 0 0 0 0 0 0 0 0 1 0 0 0 0 25 0 0 0 0 0 0 0 0 0 0 0 0 0 0 0 0 0 0 0 0 0 0 0 0 0 0 0 0 0 0 0 128 1 0 0 41 160 0 0 1 0 0 0 5 20 0 0 0 0 0 0 2 0 0 0 0 0 8 0 2 0 0 0 112 0 0 0 255 255 255 255 7 224 37 0 0 0 0 0 data 14 0x25e007 0x1405 0x38 0x1 0x290003 0x1 0x50 0x2f0007 0x1405 0x38 0x0 0x340003 0x0 0x18 oops 0
ciMethodData java/util/HashSet iterator ()Ljava/util/Iterator; 2 19683 orig 264 72 34 125 95 0 0 0 0 128 78 99 20 0 0 0 0 168 1 0 0 0 0 0 0 0 0 0 0 0 0 0 0 0 0 0 0 0 0 0 0 0 0 0 0 0 0 0 0 0 0 0 0 0 0 0 0 0 0 0 0 0 0 0 0 0 0 0 0 0 0 0 0 0 0 0 0 0 0 0 0 77 68 79 32 101 120 116 114 97 32 100 97 116 97 32 108 111 99 107 0 0 0 0 0 0 0 0 0 0 0 0 0 0 0 0 0 0 0 0 0 0 0 0 0 0 0 0 0 0 0 0 0 0 0 0 0 0 0 0 0 0 0 0 0 0 0 0 0 0 0 0 0 0 0 0 0 0 0 0 0 0 0 0 0 0 0 0 0 0 0 0 0 0 0 0 0 0 0 0 0 0 0 0 0 17 0 0 0 0 0 0 0 0 0 0 0 0 0 0 0 1 0 0 0 0 0 0 0 0 0 0 0 0 0 0 0 2 1 0 0 9 95 2 0 1 0 0 0 0 0 0 0 0 0 0 0 2 0 0 0 0 0 3 0 2 0 0 0 96 0 0 0 255 255 255 255 5 0 4 0 0 0 0 0 data 12 0x40005 0x0 0x1f9a39c0 0x4222 0x1a487de0 0x9bf 0x70005 0x0 0x1a701470 0x4221 0x1a701520 0x9bf oops 4 2 java/util/LinkedHashMap 4 java/util/HashMap 8 java/util/LinkedHashMap$LinkedKeySet 10 java/util/HashMap$KeySet
ciMethodData java/util/LinkedHashMap$LinkedKeyIterator <init> (Ljava/util/LinkedHashMap;)V 2 5554 orig 264 72 34 125 95 0 0 0 0 88 48 123 20 0 0 0 0 56 1 0 0 0 0 0 0 0 0 0 0 0 0 0 0 0 0 0 0 0 0 0 0 0 0 0 0 0 0 0 0 0 0 0 0 0 0 0 0 0 0 0 0 0 0 0 0 0 0 0 0 0 0 0 0 0 0 0 0 0 0 0 0 77 68 79 32 101 120 116 114 97 32 100 97 116 97 32 108 111 99 107 0 0 0 0 0 0 0 0 0 0 0 0 0 0 0 0 0 0 0 0 0 0 0 0 0 0 0 0 0 0 0 0 0 0 0 0 0 0 0 0 0 0 0 0 0 0 0 0 0 0 0 0 0 0 0 0 0 0 0 0 0 0 0 0 0 0 0 0 0 0 0 0 0 0 0 0 0 0 0 0 0 0 0 0 0 0 0 0 0 0 0 0 0 0 0 0 0 0 0 0 0 0 0 0 0 0 0 0 0 0 0 0 0 0 0 0 0 7 1 0 0 89 165 0 0 1 0 0 0 0 0 0 0 0 0 0 0 2 0 0 0 0 0 3 0 2 0 0 0 16 0 0 0 255 255 255 255 2 0 7 0 0 0 0 0 data 2 0x70002 0x14ab oops 0
ciMethodData java/util/LinkedHashMap keySet ()Ljava/util/Set; 2 5578 orig 264 72 34 125 95 0 0 0 0 0 254 92 20 0 0 0 0 80 1 0 0 0 0 0 0 0 0 0 0 0 0 0 0 0 0 0 0 0 0 0 0 0 0 0 0 0 0 0 0 0 0 0 0 0 0 0 0 0 0 0 0 0 0 0 0 0 0 0 0 0 0 0 0 0 0 0 0 0 0 0 0 77 68 79 32 101 120 116 114 97 32 100 97 116 97 32 108 111 99 107 0 0 0 0 0 0 0 0 0 0 0 0 0 0 0 0 0 0 0 0 0 0 0 0 0 0 0 0 0 0 0 0 0 0 0 0 0 0 0 0 0 0 0 0 0 0 0 0 0 0 0 0 0 0 0 0 0 0 0 0 0 0 0 0 0 0 0 0 0 0 0 0 0 0 0 0 0 0 0 0 0 0 0 0 0 0 0 0 0 0 0 0 0 0 0 0 0 0 0 0 0 0 0 0 0 0 0 0 0 0 0 0 0 0 0 0 0 139 1 0 0 249 161 0 0 1 0 0 0 0 0 0 0 0 0 0 0 2 0 0 0 0 0 6 0 2 0 0 0 48 0 0 0 255 255 255 255 7 0 6 0 0 0 0 0 data 6 0x60007 0x31d 0x30 0x1122 0xe0002 0x1121 oops 0
ciMethodData java/util/LinkedHashMap$LinkedKeySet <init> (Ljava/util/LinkedHashMap;)V 2 4780 orig 264 72 34 125 95 0 0 0 0 128 38 123 20 0 0 0 0 56 1 0 0 0 0 0 0 0 0 0 0 0 0 0 0 0 0 0 0 0 0 0 0 0 0 0 0 0 0 0 0 0 0 0 0 0 0 0 0 0 0 0 0 0 0 0 0 0 0 0 0 0 0 0 0 0 0 0 0 0 0 0 0 77 68 79 32 101 120 116 114 97 32 100 97 116 97 32 108 111 99 107 0 0 0 0 0 0 0 0 0 0 0 0 0 0 0 0 0 0 0 0 0 0 0 0 0 0 0 0 0 0 0 0 0 0 0 0 0 0 0 0 0 0 0 0 0 0 0 0 0 0 0 0 0 0 0 0 0 0 0 0 0 0 0 0 0 0 0 0 0 0 0 0 0 0 0 0 0 0 0 0 0 0 0 0 0 0 0 0 0 0 0 0 0 0 0 0 0 0 0 0 0 0 0 0 0 0 0 0 0 0 0 0 0 0 0 0 0 140 1 0 0 1 137 0 0 1 0 0 0 0 0 0 0 0 0 0 0 2 0 0 0 0 0 3 0 2 0 0 0 16 0 0 0 255 255 255 255 2 0 6 0 0 0 0 0 data 2 0x60002 0x1120 oops 0
ciMethodData java/util/LinkedHashMap$LinkedKeySet iterator ()Ljava/util/Iterator; 2 5554 orig 264 72 34 125 95 0 0 0 0 80 40 123 20 0 0 0 0 48 1 0 0 0 0 0 0 0 0 0 0 0 0 0 0 0 0 0 0 0 0 0 0 0 0 0 0 0 0 0 0 0 0 0 0 0 0 0 0 0 0 0 0 0 0 0 0 0 0 0 0 0 0 0 0 0 0 0 0 0 0 0 0 77 68 79 32 101 120 116 114 97 32 100 97 116 97 32 108 111 99 107 0 0 0 0 0 0 0 0 0 0 0 0 0 0 0 0 0 0 0 0 0 0 0 0 0 0 0 0 0 0 0 0 0 0 0 0 0 0 0 0 0 0 0 0 0 0 0 0 0 0 0 0 0 0 0 0 0 0 0 0 0 0 0 0 0 0 0 0 0 0 0 0 0 0 0 0 0 0 0 0 0 0 0 0 0 0 0 0 0 0 0 0 0 0 0 0 0 0 0 0 0 0 0 0 0 0 0 0 0 0 0 0 0 0 0 0 0 145 1 0 0 9 161 0 0 1 0 0 0 0 0 0 0 0 0 0 0 2 0 0 0 0 0 3 0 2 0 0 0 16 0 0 0 255 255 255 255 2 0 8 0 0 0 0 0 data 2 0x80002 0x1421 oops 0
ciMethod java/util/HashMap$KeySet <init> (Ljava/util/HashMap;)V 745 1 1208 0 0
ciMethod java/util/HashMap$KeySet iterator ()Ljava/util/Iterator; 3265 1 5601 0 736
ciMethod org/apache/ivy/util/MessageLogger debug (Ljava/lang/String;)V 0 0 1 0 -1
ciMethod org/apache/ivy/core/module/descriptor/DefaultModuleDescriptor getResolvedModuleRevisionId ()Lorg/apache/ivy/core/module/id/ModuleRevisionId; 1937 1 242 0 0
ciMethod org/apache/ivy/core/resolve/ResolveEngineSettings debugConflictResolution ()Z 0 0 1 0 -1
ciMethod org/apache/ivy/core/settings/IvySettings getVariable (Ljava/lang/String;)Ljava/lang/String; 153 1 151 0 -1
ciMethod org/apache/ivy/core/settings/IvySettings debugConflictResolution ()Z 4097 1 11819 0 0
ciMethod org/apache/ivy/util/Message getLogger ()Lorg/apache/ivy/util/MessageLogger; 865 1 8156 0 -1
ciMethod org/apache/ivy/util/Message debug (Ljava/lang/String;)V 1657 1 5583 0 0
ciMethod org/apache/ivy/core/resolve/ResolveEngine checkConflictSolvedEvicted (Lorg/apache/ivy/core/resolve/VisitNode;Lorg/apache/ivy/core/resolve/VisitNode;)Z 2713 1 10766 0 -1
ciMethod org/apache/ivy/core/module/id/ModuleId equals (Ljava/lang/Object;)Z 3409 1 7736 0 608
ciMethod org/apache/ivy/core/module/id/ModuleId hashCode ()I 1905 1 5807 0 672
ciMethodData java/util/HashMap$HashIterator hasNext ()Z 2 5501 orig 264 72 34 125 95 0 0 0 0 184 131 102 20 0 0 0 0 88 1 0 0 0 0 0 0 0 0 0 0 0 0 0 0 0 0 0 0 0 0 0 0 0 0 0 0 0 0 0 0 0 0 0 0 0 0 0 0 0 0 0 0 0 0 0 0 0 0 0 0 0 0 0 0 0 0 0 0 0 0 0 0 77 68 79 32 101 120 116 114 97 32 100 97 116 97 32 108 111 99 107 0 0 0 0 0 0 0 0 0 0 0 0 0 0 0 0 0 0 0 0 0 0 0 0 0 0 0 0 0 0 0 0 0 0 0 0 0 0 0 0 0 0 0 0 0 0 0 0 0 0 0 0 0 0 0 0 0 0 0 0 0 0 0 0 0 0 0 0 0 0 0 0 0 0 0 0 0 0 0 0 0 0 0 0 0 1 0 0 0 0 0 0 0 0 0 0 0 0 0 0 0 1 0 0 0 0 0 0 0 0 0 0 0 0 0 0 0 4 1 0 0 201 163 0 0 1 0 0 0 0 0 0 0 0 0 0 0 2 0 0 0 0 0 6 0 2 0 0 0 56 0 0 0 255 255 255 255 7 0 4 0 0 0 0 0 data 7 0x40007 0x71b 0x38 0xd5e 0x80003 0xd5e 0x18 oops 0
ciMethodData java/util/HashSet size ()I 2 39446 orig 264 72 34 125 95 0 0 0 0 24 79 99 20 0 0 0 0 120 1 0 0 0 0 0 0 0 0 0 0 0 0 0 0 0 0 0 0 0 0 0 0 0 0 0 0 0 0 0 0 0 0 0 0 0 0 0 0 0 0 0 0 0 0 0 0 0 0 0 0 0 0 0 0 0 0 0 0 0 0 0 0 77 68 79 32 101 120 116 114 97 32 100 97 116 97 32 108 111 99 107 0 0 0 0 0 0 0 0 0 0 0 0 0 0 0 0 0 0 0 0 0 0 0 0 0 0 0 0 0 0 0 0 0 0 0 0 0 0 0 0 0 0 0 0 0 0 0 0 0 0 0 0 0 0 0 0 0 0 0 0 0 0 0 0 0 0 0 0 0 0 0 0 0 0 0 0 0 0 0 0 0 0 0 0 0 0 0 0 0 0 0 0 0 0 0 0 0 0 0 0 0 0 0 0 0 0 0 0 0 0 0 0 0 0 0 0 0 32 1 0 0 177 199 4 0 1 0 0 0 0 0 0 0 0 0 0 0 2 0 0 0 0 0 3 0 2 0 0 0 48 0 0 0 255 255 255 255 5 0 4 0 0 0 0 0 data 6 0x40005 0x0 0x1f9a39c0 0x67e1 0x1a487de0 0x3115 oops 2 2 java/util/LinkedHashMap 4 java/util/HashMap
ciMethodData java/util/HashMap$HashIterator nextNode ()Ljava/util/HashMap$Node; 2 16214 orig 264 72 34 125 95 0 0 0 0 184 132 102 20 0 0 0 0 8 2 0 0 128 0 0 0 0 0 0 0 0 0 0 0 0 0 0 0 0 0 0 0 0 0 0 0 0 0 0 0 0 0 0 0 0 0 0 0 0 0 0 0 0 0 0 0 0 0 0 0 0 0 0 0 0 0 0 0 0 0 0 0 77 68 79 32 101 120 116 114 97 32 100 97 116 97 32 108 111 99 107 0 0 0 0 0 0 0 0 0 0 0 0 0 0 0 0 0 0 0 0 0 0 0 0 0 0 0 0 0 0 0 0 0 0 0 0 0 0 0 0 0 0 0 0 0 0 0 0 0 0 0 0 0 0 0 0 0 0 0 0 0 0 0 0 0 0 0 0 0 0 0 0 0 0 0 0 0 0 0 0 0 0 0 0 0 25 0 0 0 0 0 0 0 0 0 0 0 0 0 0 0 1 0 0 0 0 0 0 0 0 0 0 0 0 0 0 0 84 2 0 0 185 147 0 0 17 232 1 0 0 0 0 0 0 0 0 0 2 0 0 0 1 0 17 0 2 0 0 0 224 0 0 0 255 255 255 255 7 0 16 0 0 0 0 0 data 28 0x100007 0x1277 0x30 0x0 0x170002 0x0 0x1c0007 0x1277 0x30 0x0 0x230002 0x0 0x350007 0xc5 0x80 0x11b2 0x410007 0x0 0x60 0x11b2 0x4a0007 0x510 0x40 0x3d02 0x5f0007 0x3060 0xffffffffffffffe0 0xca2 oops 0
ciMethod org/apache/ivy/core/resolve/IvyNode getId ()Lorg/apache/ivy/core/module/id/ModuleRevisionId; 1449 1 181 0 0
ciMethod org/apache/ivy/core/resolve/IvyNode getModuleId ()Lorg/apache/ivy/core/module/id/ModuleId; 4097 1 72578 0 64
ciMethod org/apache/ivy/core/resolve/IvyNode getResolvedId ()Lorg/apache/ivy/core/module/id/ModuleRevisionId; 2081 1 5481 0 160
ciMethod org/apache/ivy/core/resolve/IvyNode getEvictedRevisions (Lorg/apache/ivy/core/module/id/ModuleId;Ljava/lang/String;)Ljava/util/Collection; 3273 1 10766 0 0
ciMethod org/apache/ivy/core/resolve/IvyNodeEviction getEvictedRevisions (Lorg/apache/ivy/core/module/id/ModuleId;Ljava/lang/String;)Ljava/util/Collection; 3273 1 10766 0 0
ciMethod org/apache/ivy/core/resolve/VisitNode getResolvedId ()Lorg/apache/ivy/core/module/id/ModuleRevisionId; 4097 1 21527 0 0
ciMethod org/apache/ivy/core/resolve/VisitNode getModuleId ()Lorg/apache/ivy/core/module/id/ModuleId; 4097 1 52706 0 96
ciMethod org/apache/ivy/core/resolve/VisitNode getEvictedRevisions (Lorg/apache/ivy/core/module/id/ModuleId;)Ljava/util/Collection; 3273 1 10766 0 0
ciMethod org/apache/ivy/core/resolve/IvyNodeEviction$ModuleIdConf <init> (Lorg/apache/ivy/core/module/id/ModuleId;Ljava/lang/String;)V 4097 1 6782 0 128
ciMethod org/apache/ivy/core/resolve/IvyNodeEviction$ModuleIdConf getConf ()Ljava/lang/String; 1297 1 162 0 0
ciMethod org/apache/ivy/core/resolve/IvyNodeEviction$ModuleIdConf getModuleId ()Lorg/apache/ivy/core/module/id/ModuleId; 1297 1 162 0 0
ciMethod org/apache/ivy/core/resolve/IvyNodeEviction$ModuleIdConf equals (Ljava/lang/Object;)Z 4097 1 6123 0 960
ciMethod org/apache/ivy/core/resolve/IvyNodeEviction$ModuleIdConf hashCode ()I 3153 1 5720 0 1056
ciMethod org/apache/ivy/core/resolve/ResolvedModuleRevision getId ()Lorg/apache/ivy/core/module/id/ModuleRevisionId; 113 1 450 0 -1
ciMethodData java/util/HashMap$EntryIterator next ()Ljava/lang/Object; 2 5702 orig 264 72 34 125 95 0 0 0 0 96 126 102 20 0 0 0 0 120 1 0 0 0 0 0 0 0 0 0 0 0 0 0 0 0 0 0 0 0 0 0 0 0 0 0 0 0 0 0 0 0 0 0 0 0 0 0 0 0 0 0 0 0 0 0 0 0 0 0 0 0 0 0 0 0 0 0 0 0 0 0 0 77 68 79 32 101 120 116 114 97 32 100 97 116 97 32 108 111 99 107 0 0 0 0 0 0 0 0 0 0 0 0 0 0 0 0 0 0 0 0 0 0 0 0 0 0 0 0 0 0 0 0 0 0 0 0 0 0 0 0 0 0 0 0 0 0 0 0 0 0 0 0 0 0 0 0 0 0 0 0 0 0 0 0 0 0 0 0 0 0 0 0 0 0 0 0 0 0 0 0 0 0 0 0 0 0 0 0 0 0 0 0 0 0 0 0 0 0 0 0 0 0 0 0 0 0 0 0 0 0 0 0 0 0 0 0 0 17 1 0 0 169 169 0 0 1 0 0 0 0 0 0 0 0 0 0 0 2 0 0 0 0 0 3 0 2 0 0 0 48 0 0 0 255 255 255 255 5 0 1 0 0 0 0 0 data 6 0x10005 0xb 0x1c7733b0 0x152a 0x0 0x0 oops 1 2 java/util/HashMap$EntryIterator
ciMethodData java/util/HashMap$EntryIterator next ()Ljava/util/Map$Entry; 2 5702 orig 264 72 34 125 95 0 0 0 0 200 125 102 20 0 0 0 0 120 1 0 0 0 0 0 0 0 0 0 0 0 0 0 0 0 0 0 0 0 0 0 0 0 0 0 0 0 0 0 0 0 0 0 0 0 0 0 0 0 0 0 0 0 0 0 0 0 0 0 0 0 0 0 0 0 0 0 0 0 0 0 0 77 68 79 32 101 120 116 114 97 32 100 97 116 97 32 108 111 99 107 0 0 0 0 0 0 0 0 0 0 0 0 0 0 0 0 0 0 0 0 0 0 0 0 0 0 0 0 0 0 0 0 0 0 0 0 0 0 0 0 0 0 0 0 0 0 0 0 0 0 0 0 0 0 0 0 0 0 0 0 0 0 0 0 0 0 0 0 0 0 0 0 0 0 0 0 0 0 0 0 0 0 0 0 0 0 0 0 0 0 0 0 0 0 0 0 0 0 0 0 0 0 0 0 0 0 0 0 0 0 0 0 0 0 0 0 0 17 1 0 0 169 169 0 0 1 0 0 0 0 0 0 0 0 0 0 0 2 0 0 0 0 0 3 0 2 0 0 0 48 0 0 0 255 255 255 255 5 0 1 0 0 0 0 0 data 6 0x10005 0xb 0x1c7733b0 0x152a 0x0 0x0 oops 1 2 java/util/HashMap$EntryIterator
ciMethodData org/apache/ivy/core/module/id/ModuleRevisionId hashCode ()I 2 5967 orig 264 72 34 125 95 0 0 0 0 200 51 214 24 0 0 0 0 80 3 0 0 184 0 0 0 0 0 0 0 0 0 0 0 0 0 0 0 0 0 0 0 0 0 0 0 0 0 0 0 0 0 0 0 0 0 0 0 0 0 0 0 0 0 0 0 0 0 0 0 0 0 0 0 0 0 0 0 0 0 0 0 77 68 79 32 101 120 116 114 97 32 100 97 116 97 32 108 111 99 107 0 0 0 0 0 0 0 0 0 0 0 0 0 0 0 0 0 0 0 0 0 0 0 0 0 0 0 0 0 0 0 0 0 0 0 0 0 0 0 0 0 0 0 0 0 0 0 0 0 0 0 0 0 0 0 0 0 0 0 0 0 0 0 0 0 0 0 0 0 0 0 0 0 0 0 0 0 0 0 0 0 0 0 0 0 0 0 0 0 0 0 0 0 0 0 0 0 0 0 0 0 0 0 0 0 0 0 0 0 0 0 0 0 0 0 0 0 0 2 0 0 121 170 0 0 1 0 0 0 0 0 0 0 0 0 0 0 2 0 0 0 0 0 9 0 2 0 0 0 8 2 0 0 255 255 255 255 7 0 4 0 0 0 0 0 data 65 0x40007 0x141d 0x208 0x132 0x160005 0x0 0x1a9ab7d0 0x132 0x0 0x0 0x190007 0x0 0x38 0x132 0x1d0003 0x132 0x78 0x210005 0x0 0x0 0x0 0x0 0x0 0x240005 0x0 0x0 0x0 0x0 0x0 0x340005 0x0 0x1a9ab7d0 0x132 0x0 0x0 0x370005 0x0 0x2bab300 0x132 0x0 0x0 0x470005 0x0 0x1a9ab7d0 0x132 0x0 0x0 0x4a0005 0x0 0x1a9ab310 0x132 0x0 0x0 0x5a0005 0x0 0x1a9ab7d0 0x132 0x0 0x0 0x5d0005 0x0 0x1c8cba20 0x132 0x0 0x0 oops 7 6 org/apache/ivy/core/module/id/ModuleRevisionId 31 org/apache/ivy/core/module/id/ModuleRevisionId 37 java/lang/String 43 org/apache/ivy/core/module/id/ModuleRevisionId 49 org/apache/ivy/core/module/id/ModuleId 55 org/apache/ivy/core/module/id/ModuleRevisionId 61 java/util/Collections$UnmodifiableMap
ciMethodData org/apache/ivy/core/module/id/ModuleId hashCode ()I 2 5807 orig 264 72 34 125 95 0 0 0 0 48 117 8 31 0 0 0 0 0 2 0 0 88 0 0 0 0 0 0 0 0 0 0 0 0 0 0 0 0 0 0 0 0 0 0 0 0 0 0 0 0 0 0 0 0 0 0 0 0 0 0 0 0 0 0 0 0 0 0 0 0 0 0 0 0 0 0 0 0 0 0 0 77 68 79 32 101 120 116 114 97 32 100 97 116 97 32 108 111 99 107 0 0 0 0 0 0 0 0 0 0 0 0 0 0 0 0 0 0 0 0 0 0 0 0 0 0 0 0 0 0 0 0 0 0 0 0 0 0 0 0 0 0 0 0 0 0 0 0 0 0 0 0 0 0 0 0 0 0 0 0 0 0 0 0 0 0 0 0 0 0 0 0 0 0 0 0 0 0 0 0 0 0 0 0 0 0 0 0 0 0 0 0 0 0 0 0 0 0 0 0 0 0 0 0 0 0 0 0 0 0 0 0 0 0 0 0 0 238 0 0 0 9 174 0 0 1 0 0 0 0 0 0 0 0 0 0 0 2 0 0 0 0 0 9 0 2 0 0 0 184 0 0 0 255 255 255 255 7 0 4 0 0 0 0 0 data 23 0x40007 0x13ea 0xb8 0x1d7 0x190007 0x1d7 0x38 0x0 0x1d0003 0x0 0x48 0x240005 0x1f 0x2bab300 0x1b8 0x0 0x0 0x370005 0x1f 0x2bab300 0x1b8 0x0 0x0 oops 2 13 java/lang/String 19 java/lang/String
ciMethodData org/apache/ivy/core/resolve/IvyNode getResolvedId ()Lorg/apache/ivy/core/module/id/ModuleRevisionId; 2 5481 orig 264 72 34 125 95 0 0 0 0 232 112 70 32 0 0 0 0 152 2 0 0 240 0 0 0 0 0 0 0 0 0 0 0 0 0 0 0 0 0 0 0 0 0 0 0 0 0 0 0 0 0 0 0 0 0 0 0 0 0 0 0 0 0 0 0 0 0 0 0 0 0 0 0 0 0 0 0 0 0 0 0 77 68 79 32 101 120 116 114 97 32 100 97 116 97 32 108 111 99 107 0 0 0 0 0 0 0 0 0 0 0 0 0 0 0 0 0 0 0 0 0 0 0 0 0 0 0 0 0 0 0 0 0 0 0 0 0 0 0 0 0 0 0 0 0 0 0 0 0 0 0 0 0 0 0 0 0 0 0 0 0 0 0 0 0 0 0 0 0 0 0 0 0 0 0 0 0 0 0 0 0 0 0 0 0 0 0 0 0 0 0 0 0 0 0 0 0 0 0 0 0 0 0 0 0 0 0 0 0 0 0 0 0 0 0 0 0 2 1 0 0 41 163 0 0 1 0 0 0 0 0 0 0 0 0 0 0 2 0 0 0 0 0 10 0 2 0 0 0 80 1 0 0 255 255 255 255 7 0 4 0 0 0 0 0 data 42 0x40007 0xd8 0xd0 0x138d 0xb0005 0x0 0x1b9108c0 0x138d 0x0 0x0 0x100005 0x0 0x1a9ab7d0 0x138d 0x0 0x0 0x130007 0x0 0x50 0x138d 0x1a0005 0x0 0x1b9108c0 0x138d 0x0 0x0 0x240007 0xd8 0x50 0x0 0x2b0005 0x0 0x0 0x0 0x0 0x0 0x300005 0x0 0x1a9aeff0 0xd8 0x0 0x0 oops 4 6 org/apache/ivy/core/module/descriptor/DefaultModuleDescriptor 12 org/apache/ivy/core/module/id/ModuleRevisionId 22 org/apache/ivy/core/module/descriptor/DefaultModuleDescriptor 38 org/apache/ivy/core/resolve/IvyNode
ciMethodData org/apache/ivy/core/module/id/ModuleId equals (Ljava/lang/Object;)Z 2 7736 orig 264 72 34 125 95 0 0 0 0 64 116 8 31 0 0 0 0 48 3 0 0 16 1 0 0 0 0 0 0 0 0 0 0 0 0 0 0 0 0 0 0 0 0 0 0 0 0 0 0 0 0 0 0 0 0 0 0 0 0 0 0 0 0 0 0 0 0 0 0 0 0 0 0 0 0 0 0 0 0 0 0 77 68 79 32 101 120 116 114 97 32 100 97 116 97 32 108 111 99 107 0 0 0 0 0 0 0 0 0 0 0 0 0 0 0 0 0 0 0 0 0 0 0 0 0 0 0 0 0 0 0 0 0 0 0 0 0 0 0 0 0 0 0 0 0 0 0 0 0 0 0 0 0 0 0 0 0 0 0 0 0 0 0 0 0 0 0 0 0 0 0 0 0 0 0 0 0 0 0 0 0 0 0 0 0 0 0 0 0 0 0 0 0 0 0 0 0 0 0 0 0 0 0 0 0 0 0 0 0 0 0 0 0 0 0 0 0 170 1 0 0 113 228 0 0 1 0 0 0 0 0 0 0 0 0 0 0 2 0 0 0 0 0 19 0 2 0 0 0 224 1 0 0 255 255 255 255 4 0 1 0 0 0 0 0 data 60 0x10004 0x0 0x1a9ab310 0x1c8e 0x0 0x0 0x40007 0x1c8e 0x20 0x0 0xa0004 0x0 0x1a9ab310 0x1c8e 0x0 0x0 0x120007 0x1c8e 0xa8 0x0 0x190007 0x0 0x88 0x0 0x240005 0x0 0x0 0x0 0x0 0x0 0x270007 0x0 0x38 0x0 0x2b0003 0x0 0x18 0x380005 0x0 0x2bab300 0x1c8e 0x0 0x0 0x3b0007 0x24c 0x88 0x1a42 0x460005 0x0 0x2bab300 0x1a42 0x0 0x0 0x490007 0x620 0x38 0x1422 0x4d0003 0x1422 0x18 oops 4 2 org/apache/ivy/core/module/id/ModuleId 12 org/apache/ivy/core/module/id/ModuleId 39 java/lang/String 49 java/lang/String
ciMethodData org/apache/ivy/core/module/id/ModuleRevisionId equals (Ljava/lang/Object;)Z 2 5591 orig 264 72 34 125 95 0 0 0 0 176 50 214 24 0 0 0 0 96 5 0 0 96 3 0 0 0 0 0 0 0 0 0 0 0 0 0 0 0 0 0 0 0 0 0 0 0 0 0 0 0 0 0 0 0 0 0 0 0 0 0 0 0 0 0 0 0 0 0 0 0 0 0 0 0 0 0 0 0 0 0 0 77 68 79 32 101 120 116 114 97 32 100 97 116 97 32 108 111 99 107 0 0 0 0 0 0 0 0 0 0 0 0 0 0 0 0 0 0 0 0 0 0 0 0 0 0 0 0 0 0 0 0 0 0 0 0 0 0 0 0 0 0 0 0 0 0 0 0 0 0 0 0 0 0 0 0 0 0 0 0 0 0 0 0 0 0 0 0 0 0 0 0 0 0 0 0 0 0 0 0 0 0 0 0 0 0 0 0 0 0 0 0 0 0 0 0 0 0 0 0 0 0 0 0 0 0 0 0 0 0 0 0 0 0 0 0 0 8 1 0 0 121 166 0 0 1 0 0 0 0 0 0 0 0 0 0 0 2 0 0 0 0 0 19 0 2 0 0 0 16 4 0 0 255 255 255 255 4 0 1 0 0 0 0 0 data 130 0x10004 0x0 0x1a9ab7d0 0x14cf 0x0 0x0 0x40007 0x14cf 0x20 0x0 0xa0004 0x0 0x1a9ab7d0 0x14cf 0x0 0x0 0xf0005 0x0 0x1a9ab7d0 0x14cf 0x0 0x0 0x130005 0x0 0x1a9ab7d0 0x14cf 0x0 0x0 0x160005 0x6 0x2bab300 0x14c9 0x0 0x0 0x190007 0x1372 0x20 0x15d 0x1f0005 0x0 0x1a9ab7d0 0x1372 0x0 0x0 0x220007 0x0 0x70 0x1372 0x260005 0x0 0x1a9ab7d0 0x1372 0x0 0x0 0x290007 0x1372 0x20 0x0 0x2f0005 0x0 0x1a9ab7d0 0x1372 0x0 0x0 0x320007 0x1372 0xd0 0x0 0x360005 0x0 0x0 0x0 0x0 0x0 0x3a0005 0x0 0x0 0x0 0x0 0x0 0x3d0005 0x0 0x0 0x0 0x0 0x0 0x400007 0x0 0x20 0x0 0x460005 0x0 0x1a9ab7d0 0x1372 0x0 0x0 0x4a0005 0x0 0x1a9ab7d0 0x1372 0x0 0x0 0x4d0005 0x0 0x1a9ab310 0x1372 0x0 0x0 0x500007 0x12b5 0x20 0xbd 0x560005 0x0 0x1a9ab7d0 0x12b5 0x0 0x0 0x5a0005 0x0 0x1a9ab7d0 0x12b5 0x0 0x0 0x5d0005 0x0 0x1c8cba20 0x12b5 0x0 0x0 oops 14 2 org/apache/ivy/core/module/id/ModuleRevisionId 12 org/apache/ivy/core/module/id/ModuleRevisionId 18 org/apache/ivy/core/module/id/ModuleRevisionId 24 org/apache/ivy/core/module/id/ModuleRevisionId 30 java/lang/String 40 org/apache/ivy/core/module/id/ModuleRevisionId 50 org/apache/ivy/core/module/id/ModuleRevisionId 60 org/apache/ivy/core/module/id/ModuleRevisionId 92 org/apache/ivy/core/module/id/ModuleRevisionId 98 org/apache/ivy/core/module/id/ModuleRevisionId 104 org/apache/ivy/core/module/id/ModuleId