#
# There is insufficient memory for the Java Runtime Environment to continue.
# Native memory allocation (malloc) failed to allocate 1554736 bytes for Chunk::new
# Possible reasons:
#   The system is out of physical RAM or swap space
#   In 32 bit mode, the process size limit was hit
# Possible solutions:
#   Reduce memory load on the system
#   Increase physical memory or swap space
#   Check if swap backing store is full
#   Use 64 bit Java on a 64 bit OS
#   Decrease Java heap size (-Xmx/-Xms)
#   Decrease number of Java threads
#   Decrease Java thread stack sizes (-Xss)
#   Set larger code cache with -XX:ReservedCodeCacheSize=
# This output file may be truncated or incomplete.
#
#  Out of Memory Error (allocation.cpp:390), pid=6740, tid=0x0000000000001070
#
# JRE version: OpenJDK Runtime Environment (8.0_76-b03) (build 1.8.0_76-release-b03)
# Java VM: OpenJDK 64-Bit Server VM (25.76-b03 mixed mode windows-amd64 compressed oops)
# Failed to write core dump. Minidumps are not enabled by default on client versions of Windows
#

---------------  T H R E A D  ---------------

Current thread (0x0000000018ade000):  JavaThread "C2 CompilerThread0" daemon [_thread_in_native, id=4208, stack(0x00000000192a0000,0x00000000193a0000)]

Stack: [0x00000000192a0000,0x00000000193a0000]
[error occurred during error reporting (printing stack bounds), id 0xc0000005]

Native frames: (J=compiled Java code, j=interpreted, Vv=VM code, C=native code)


Current CompileTask:
C2:2381919 19857       4       com.android.utils.PositionXmlParser::getPositionHelper (757 bytes)


---------------  P R O C E S S  ---------------

Java Threads: ( => current thread )
  0x0000000020ac3000 JavaThread "Forward streams with process: command 'C:\Users\Anonymous\AppData\Local\Android\Sdk\build-tools\25.0.2\aapt.exe' Thread 3" [_thread_in_native, id=9088, stack(0x0000000035b90000,0x0000000035c90000)]
  0x0000000020ac2000 JavaThread "Forward streams with process: command 'C:\Users\Anonymous\AppData\Local\Android\Sdk\build-tools\25.0.2\aapt.exe' Thread 2" [_thread_in_native, id=10844, stack(0x0000000035a90000,0x0000000035b90000)]
  0x000000001df03000 JavaThread "Forward streams with process: command 'C:\Users\Anonymous\AppData\Local\Android\Sdk\build-tools\25.0.2\aapt.exe'" [_thread_blocked, id=7776, stack(0x0000000035990000,0x0000000035a90000)]
  0x000000001df09000 JavaThread "Run command 'C:\Users\Anonymous\AppData\Local\Android\Sdk\build-tools\25.0.2\aapt.exe'" [_thread_in_native, id=6300, stack(0x0000000035790000,0x0000000035890000)]
  0x000000001df07800 JavaThread "Thread-77" [_thread_blocked, id=2504, stack(0x0000000035690000,0x0000000035790000)]
  0x000000001df04800 JavaThread "pool-61-thread-8" [_thread_blocked, id=5060, stack(0x0000000035490000,0x0000000035590000)]
  0x000000001df07000 JavaThread "pool-61-thread-7" [_thread_blocked, id=4992, stack(0x0000000035390000,0x0000000035490000)]
  0x000000001df08800 JavaThread "pool-61-thread-6" [_thread_blocked, id=7496, stack(0x0000000035290000,0x0000000035390000)]
  0x000000001df05800 JavaThread "pool-61-thread-5" [_thread_blocked, id=11220, stack(0x0000000035190000,0x0000000035290000)]
  0x000000001df06000 JavaThread "pool-61-thread-4" [_thread_blocked, id=8564, stack(0x0000000035090000,0x0000000035190000)]
  0x000000001df04000 JavaThread "pool-61-thread-3" [_thread_blocked, id=8464, stack(0x0000000034f90000,0x0000000035090000)]
  0x000000001defb000 JavaThread "pool-61-thread-2" [_thread_blocked, id=1020, stack(0x0000000034e90000,0x0000000034f90000)]
  0x000000001df01800 JavaThread "pool-61-thread-1" [_thread_blocked, id=1680, stack(0x0000000034d90000,0x0000000034e90000)]
  0x000000001defb800 JavaThread "Stdin handler" [_thread_blocked, id=6264, stack(0x0000000034c90000,0x0000000034d90000)]
  0x000000001defd000 JavaThread "Asynchronous log dispatcher for org.gradle.launcher.daemon.server.DefaultDaemonConnection@f96b2f6" [_thread_blocked, id=5196, stack(0x0000000034b90000,0x0000000034c90000)]
  0x000000001defc800 JavaThread "Cancel handler" [_thread_blocked, id=9860, stack(0x0000000034a90000,0x0000000034b90000)]
  0x000000001deff800 JavaThread "Handler for socket connection from /127.0.0.1:52174 to /127.0.0.1:52909" [_thread_in_native, id=1444, stack(0x0000000034990000,0x0000000034a90000)]
  0x000000001df00000 JavaThread "Daemon worker Thread 6" [_thread_blocked, id=10264, stack(0x0000000033f90000,0x0000000034090000)]
  0x000000001defe000 JavaThread "Daemon Thread 6" [_thread_blocked, id=6136, stack(0x0000000033c90000,0x0000000033d90000)]
  0x0000000020acc800 JavaThread "pool-10-thread-3" [_thread_blocked, id=9856, stack(0x000000002c990000,0x000000002ca90000)]
  0x0000000020ac9800 JavaThread "pool-10-thread-2" [_thread_blocked, id=8428, stack(0x000000002c890000,0x000000002c990000)]
  0x0000000020acc000 JavaThread "pool-10-thread-4" [_thread_blocked, id=6356, stack(0x000000002c790000,0x000000002c890000)]
  0x0000000020acd800 JavaThread "pool-10-thread-1" [_thread_blocked, id=8744, stack(0x000000002c690000,0x000000002c790000)]
  0x000000001e22c000 JavaThread "stdout" daemon [_thread_in_native, id=11196, stack(0x0000000029890000,0x0000000029990000)]
  0x000000001e223000 JavaThread "stderr" daemon [_thread_in_native, id=9884, stack(0x0000000029790000,0x0000000029890000)]
  0x000000001e226000 JavaThread "stdout" daemon [_thread_in_native, id=2600, stack(0x0000000029690000,0x0000000029790000)]
  0x000000001e229000 JavaThread "stderr" daemon [_thread_in_native, id=4984, stack(0x0000000029590000,0x0000000029690000)]
  0x000000001e229800 JavaThread "stdout" daemon [_thread_in_native, id=5940, stack(0x0000000029490000,0x0000000029590000)]
  0x000000001e227800 JavaThread "stderr" daemon [_thread_in_native, id=10636, stack(0x0000000029390000,0x0000000029490000)]
  0x000000001e228000 JavaThread "stdout" daemon [_thread_in_native, id=5144, stack(0x0000000029290000,0x0000000029390000)]
  0x000000001e226800 JavaThread "stderr" daemon [_thread_in_native, id=8140, stack(0x0000000029190000,0x0000000029290000)]
  0x000000001e224800 JavaThread "stdout" daemon [_thread_in_native, id=7812, stack(0x0000000029090000,0x0000000029190000)]
  0x000000001e221800 JavaThread "stdout" daemon [_thread_in_native, id=6104, stack(0x0000000028f90000,0x0000000029090000)]
  0x000000001e222000 JavaThread "stderr" daemon [_thread_in_native, id=3436, stack(0x0000000028e90000,0x0000000028f90000)]
  0x000000001e225000 JavaThread "stdout" daemon [_thread_in_native, id=10936, stack(0x0000000028d90000,0x0000000028e90000)]
  0x000000001e223800 JavaThread "stderr" daemon [_thread_in_native, id=5896, stack(0x0000000028c90000,0x0000000028d90000)]
  0x000000001b125800 JavaThread "stdout" daemon [_thread_in_native, id=3260, stack(0x0000000028b90000,0x0000000028c90000)]
  0x000000001b124800 JavaThread "stderr" daemon [_thread_in_native, id=10592, stack(0x0000000028a90000,0x0000000028b90000)]
  0x000000001b121800 JavaThread "stderr" daemon [_thread_in_native, id=8696, stack(0x0000000028990000,0x0000000028a90000)]
  0x000000001b121000 JavaThread "png-cruncher_8" daemon [_thread_blocked, id=7972, stack(0x0000000028890000,0x0000000028990000)]
  0x000000001b11e800 JavaThread "png-cruncher_7" daemon [_thread_blocked, id=8312, stack(0x0000000028790000,0x0000000028890000)]
  0x0000000020acf800 JavaThread "png-cruncher_6" daemon [_thread_blocked, id=10580, stack(0x0000000028690000,0x0000000028790000)]
  0x0000000020aca800 JavaThread "png-cruncher_5" daemon [_thread_blocked, id=9144, stack(0x0000000028590000,0x0000000028690000)]
  0x0000000020acb000 JavaThread "png-cruncher_4" daemon [_thread_blocked, id=9188, stack(0x0000000028490000,0x0000000028590000)]
  0x0000000020ace000 JavaThread "png-cruncher_3" daemon [_thread_blocked, id=10908, stack(0x0000000028390000,0x0000000028490000)]
  0x0000000020ad1000 JavaThread "png-cruncher_2" daemon [_thread_blocked, id=9772, stack(0x0000000028290000,0x0000000028390000)]
  0x0000000020acf000 JavaThread "png-cruncher_1" daemon [_thread_blocked, id=9952, stack(0x0000000028190000,0x0000000028290000)]
  0x000000001ca27000 JavaThread "File lock request listener" [_thread_in_native, id=8812, stack(0x000000001d8f0000,0x000000001d9f0000)]
  0x000000001a7ae800 JavaThread "pool-1-thread-1" [_thread_blocked, id=10312, stack(0x000000001bb20000,0x000000001bc20000)]
  0x000000001a831000 JavaThread "Incoming local TCP Connector on port 52174" [_thread_in_native, id=10472, stack(0x000000001a0a0000,0x000000001a1a0000)]
  0x0000000018b7c800 JavaThread "Service Thread" daemon [_thread_blocked, id=1328, stack(0x00000000196a0000,0x00000000197a0000)]
  0x0000000018ae5800 JavaThread "C1 CompilerThread3" daemon [_thread_blocked, id=7992, stack(0x00000000195a0000,0x00000000196a0000)]
  0x0000000018ae1800 JavaThread "C2 CompilerThread2" daemon [_thread_blocked, id=8344, stack(0x00000000194a0000,0x00000000195a0000)]
  0x0000000018ae0000 JavaThread "C2 CompilerThread1" daemon [_thread_blocked, id=2532, stack(0x00000000193a0000,0x00000000194a0000)]
=>0x0000000018ade000 JavaThread "C2 CompilerThread0" daemon [_thread_in_native, id=4208, stack(0x00000000192a0000,0x00000000193a0000)]
  0x0000000018adc000 JavaThread "Attach Listener" daemon [_thread_blocked, id=8804, stack(0x00000000191a0000,0x00000000192a0000)]
  0x0000000018ada000 JavaThread "Signal Dispatcher" daemon [_thread_blocked, id=9720, stack(0x00000000190a0000,0x00000000191a0000)]
  0x0000000002df9000 JavaThread "Finalizer" daemon [_thread_blocked, id=2780, stack(0x0000000018eb0000,0x0000000018fb0000)]
  0x0000000016bbb800 JavaThread "Reference Handler" daemon [_thread_blocked, id=8784, stack(0x00000000189b0000,0x0000000018ab0000)]
  0x0000000002cfd800 JavaThread "main" [_thread_blocked, id=8740, stack(0x0000000002b20000,0x0000000002c20000)]

Other Threads:
  0x0000000016bb5000 VMThread [stack: 0x00000000188b0000,0x00000000189b0000] [id=10912]
  0x0000000018b7d800 WatcherThread [stack: 0x00000000197a0000,0x00000000198a0000] [id=1260]

VM state:not at safepoint (normal execution)

VM Mutex/Monitor currently owned by a thread: None

Heap:
 PSYoungGen      total 305664K, used 142775K [0x00000000e0000000, 0x00000000f6900000, 0x0000000100000000)
  eden space 244736K, 52% used [0x00000000e0000000,0x00000000e7cc7098,0x00000000eef00000)
  from space 60928K, 24% used [0x00000000f2d80000,0x00000000f3c26d90,0x00000000f6900000)
  to   space 62464K, 0% used [0x00000000eef00000,0x00000000eef00000,0x00000000f2c00000)
 ParOldGen       total 185344K, used 49884K [0x00000000a0000000, 0x00000000ab500000, 0x00000000e0000000)
  object space 185344K, 26% used [0x00000000a0000000,0x00000000a30b70e0,0x00000000ab500000)
 Metaspace       used 75953K, capacity 78878K, committed 80768K, reserved 1120256K
  class space    used 9520K, capacity 9974K, committed 10624K, reserved 1048576K

Card table byte_map: [0x00000000121c0000,0x00000000124d0000] byte_map_base: 0x0000000011cc0000

Marking Bits: (ParMarkBitMap*) 0x00000000623e9d00
 Begin Bits: [0x0000000012ed0000, 0x00000000146d0000)
 End Bits:   [0x00000000146d0000, 0x0000000015ed0000)

Polling page: 0x0000000001310000

CodeCache: size=245760Kb used=56655Kb max_used=56680Kb free=189105Kb
 bounds [0x0000000002e00000, 0x00000000065b0000, 0x0000000011e00000]
 total_blobs=16446 nmethods=15638 adapters=720
 compilation: enabled

Compilation events (10 events):
Event: 2381.186 Thread 0x0000000018ae5800 19913       3       java.security.AccessControlContext::optimize (318 bytes)
Event: 2381.188 Thread 0x0000000018ae5800 nmethod 19913 0x0000000006594950 code [0x0000000006594c80, 0x0000000006596588]
Event: 2381.188 Thread 0x0000000018ae5800 19914       3       java.util.concurrent.atomic.AtomicInteger::compareAndSet (13 bytes)
Event: 2381.188 Thread 0x0000000018ae5800 nmethod 19914 0x0000000006597250 code [0x00000000065973a0, 0x0000000006597510]
Event: 2381.188 Thread 0x0000000018ae5800 19911  s    3       java.lang.Thread::nextThreadID (10 bytes)
Event: 2381.188 Thread 0x0000000018ae5800 nmethod 19911 0x0000000006597590 code [0x00000000065976e0, 0x00000000065979b0]
Event: 2381.203 Thread 0x0000000018ae1800 nmethod 19897% 0x000000000659bdd0 code [0x000000000659c0a0, 0x000000000659d760]
Event: 2381.203 Thread 0x0000000018ae1800 19898 %     4       java.util.TimSort::mergeHi @ 191 (732 bytes)
Event: 2381.216 Thread 0x0000000018ae1800 nmethod 19898% 0x000000000659fc10 code [0x000000000659fdc0, 0x00000000065a1178]
Event: 2381.253 Thread 0x0000000018ae0000 nmethod 19895 0x00000000065a6dd0 code [0x00000000065a70e0, 0x00000000065aab70]

GC Heap History (10 events):
Event: 2137.149 GC heap before
{Heap before GC invocations=44 (full 11):
 PSYoungGen      total 287744K, used 28596K [0x00000000e0000000, 0x00000000f5780000, 0x0000000100000000)
  eden space 223744K, 0% used [0x00000000e0000000,0x00000000e0000000,0x00000000eda80000)
  from space 64000K, 44% used [0x00000000eda80000,0x00000000ef66d2d0,0x00000000f1900000)
  to   space 61440K, 0% used [0x00000000f1b80000,0x00000000f1b80000,0x00000000f5780000)
 ParOldGen       total 185344K, used 93202K [0x00000000a0000000, 0x00000000ab500000, 0x00000000e0000000)
  object space 185344K, 50% used [0x00000000a0000000,0x00000000a5b04968,0x00000000ab500000)
 Metaspace       used 74697K, capacity 76918K, committed 80000K, reserved 1118208K
  class space    used 9383K, capacity 9749K, committed 10624K, reserved 1048576K
Event: 2137.451 GC heap after
Heap after GC invocations=44 (full 11):
 PSYoungGen      total 287744K, used 0K [0x00000000e0000000, 0x00000000f5780000, 0x0000000100000000)
  eden space 223744K, 0% used [0x00000000e0000000,0x00000000e0000000,0x00000000eda80000)
  from space 64000K, 0% used [0x00000000eda80000,0x00000000eda80000,0x00000000f1900000)
  to   space 61440K, 0% used [0x00000000f1b80000,0x00000000f1b80000,0x00000000f5780000)
 ParOldGen       total 185344K, used 45548K [0x00000000a0000000, 0x00000000ab500000, 0x00000000e0000000)
  object space 185344K, 24% used [0x00000000a0000000,0x00000000a2c7b068,0x00000000ab500000)
 Metaspace       used 74697K, capacity 76918K, committed 80000K, reserved 1118208K
  class space    used 9383K, capacity 9749K, committed 10624K, reserved 1048576K
}
Event: 2219.360 GC heap before
{Heap before GC invocations=45 (full 11):
 PSYoungGen      total 287744K, used 222540K [0x00000000e0000000, 0x00000000f5780000, 0x0000000100000000)
  eden space 223744K, 99% used [0x00000000e0000000,0x00000000ed953128,0x00000000eda80000)
  from space 64000K, 0% used [0x00000000eda80000,0x00000000eda80000,0x00000000f1900000)
  to   space 61440K, 0% used [0x00000000f1b80000,0x00000000f1b80000,0x00000000f5780000)
 ParOldGen       total 185344K, used 45548K [0x00000000a0000000, 0x00000000ab500000, 0x00000000e0000000)
  object space 185344K, 24% used [0x00000000a0000000,0x00000000a2c7b068,0x00000000ab500000)
 Metaspace       used 75355K, capacity 77996K, committed 80256K, reserved 1118208K
  class space    used 9464K, capacity 9879K, committed 10624K, reserved 1048576K
Event: 2219.366 GC heap after
Heap after GC invocations=45 (full 11):
 PSYoungGen      total 288768K, used 8042K [0x00000000e0000000, 0x00000000f6a00000, 0x0000000100000000)
  eden space 227328K, 0% used [0x00000000e0000000,0x00000000e0000000,0x00000000ede00000)
  from space 61440K, 13% used [0x00000000f1b80000,0x00000000f235aa98,0x00000000f5780000)
  to   space 62976K, 0% used [0x00000000ede00000,0x00000000ede00000,0x00000000f1b80000)
 ParOldGen       total 185344K, used 45556K [0x00000000a0000000, 0x00000000ab500000, 0x00000000e0000000)
  object space 185344K, 24% used [0x00000000a0000000,0x00000000a2c7d068,0x00000000ab500000)
 Metaspace       used 75355K, capacity 77996K, committed 80256K, reserved 1118208K
  class space    used 9464K, capacity 9879K, committed 10624K, reserved 1048576K
}
Event: 2321.891 GC heap before
{Heap before GC invocations=46 (full 11):
 PSYoungGen      total 288768K, used 221093K [0x00000000e0000000, 0x00000000f6a00000, 0x0000000100000000)
  eden space 227328K, 93% used [0x00000000e0000000,0x00000000ed00ea58,0x00000000ede00000)
  from space 61440K, 13% used [0x00000000f1b80000,0x00000000f235aa98,0x00000000f5780000)
  to   space 62976K, 0% used [0x00000000ede00000,0x00000000ede00000,0x00000000f1b80000)
 ParOldGen       total 185344K, used 45556K [0x00000000a0000000, 0x00000000ab500000, 0x00000000e0000000)
  object space 185344K, 24% used [0x00000000a0000000,0x00000000a2c7d068,0x00000000ab500000)
 Metaspace       used 75564K, capacity 78316K, committed 80512K, reserved 1120256K
  class space    used 9486K, capacity 9931K, committed 10624K, reserved 1048576K
Event: 2321.896 GC heap after
Heap after GC invocations=46 (full 11):
 PSYoungGen      total 290304K, used 5601K [0x00000000e0000000, 0x00000000f6c00000, 0x0000000100000000)
  eden space 227328K, 0% used [0x00000000e0000000,0x00000000e0000000,0x00000000ede00000)
  from space 62976K, 8% used [0x00000000ede00000,0x00000000ee378510,0x00000000f1b80000)
  to   space 64000K, 0% used [0x00000000f2d80000,0x00000000f2d80000,0x00000000f6c00000)
 ParOldGen       total 185344K, used 45564K [0x00000000a0000000, 0x00000000ab500000, 0x00000000e0000000)
  object space 185344K, 24% used [0x00000000a0000000,0x00000000a2c7f068,0x00000000ab500000)
 Metaspace       used 75564K, capacity 78316K, committed 80512K, reserved 1120256K
  class space    used 9486K, capacity 9931K, committed 10624K, reserved 1048576K
}
Event: 2321.896 GC heap before
{Heap before GC invocations=47 (full 12):
 PSYoungGen      total 290304K, used 5601K [0x00000000e0000000, 0x00000000f6c00000, 0x0000000100000000)
  eden space 227328K, 0% used [0x00000000e0000000,0x00000000e0000000,0x00000000ede00000)
  from space 62976K, 8% used [0x00000000ede00000,0x00000000ee378510,0x00000000f1b80000)
  to   space 64000K, 0% used [0x00000000f2d80000,0x00000000f2d80000,0x00000000f6c00000)
 ParOldGen       total 185344K, used 45564K [0x00000000a0000000, 0x00000000ab500000, 0x00000000e0000000)
  object space 185344K, 24% used [0x00000000a0000000,0x00000000a2c7f068,0x00000000ab500000)
 Metaspace       used 75564K, capacity 78316K, committed 80512K, reserved 1120256K
  class space    used 9486K, capacity 9931K, committed 10624K, reserved 1048576K
Event: 2322.308 GC heap after
Heap after GC invocations=47 (full 12):
 PSYoungGen      total 290304K, used 0K [0x00000000e0000000, 0x00000000f6c00000, 0x0000000100000000)
  eden space 227328K, 0% used [0x00000000e0000000,0x00000000e0000000,0x00000000ede00000)
  from space 62976K, 0% used [0x00000000ede00000,0x00000000ede00000,0x00000000f1b80000)
  to   space 64000K, 0% used [0x00000000f2d80000,0x00000000f2d80000,0x00000000f6c00000)
 ParOldGen       total 185344K, used 49876K [0x00000000a0000000, 0x00000000ab500000, 0x00000000e0000000)
  object space 185344K, 26% used [0x00000000a0000000,0x00000000a30b50e0,0x00000000ab500000)
 Metaspace       used 75564K, capacity 78316K, committed 80512K, reserved 1120256K
  class space    used 9486K, capacity 9931K, committed 10624K, reserved 1048576K
}
Event: 2378.256 GC heap before
{Heap before GC invocations=48 (full 12):
 PSYoungGen      total 290304K, used 227328K [0x00000000e0000000, 0x00000000f6c00000, 0x0000000100000000)
  eden space 227328K, 100% used [0x00000000e0000000,0x00000000ede00000,0x00000000ede00000)
  from space 62976K, 0% used [0x00000000ede00000,0x00000000ede00000,0x00000000f1b80000)
  to   space 64000K, 0% used [0x00000000f2d80000,0x00000000f2d80000,0x00000000f6c00000)
 ParOldGen       total 185344K, used 49876K [0x00000000a0000000, 0x00000000ab500000, 0x00000000e0000000)
  object space 185344K, 26% used [0x00000000a0000000,0x00000000a30b50e0,0x00000000ab500000)
 Metaspace       used 75866K, capacity 78810K, committed 80768K, reserved 1120256K
  class space    used 9520K, capacity 9974K, committed 10624K, reserved 1048576K
Event: 2378.266 GC heap after
Heap after GC invocations=48 (full 12):
 PSYoungGen      total 305664K, used 15003K [0x00000000e0000000, 0x00000000f6900000, 0x0000000100000000)
  eden space 244736K, 0% used [0x00000000e0000000,0x00000000e0000000,0x00000000eef00000)
  from space 60928K, 24% used [0x00000000f2d80000,0x00000000f3c26d90,0x00000000f6900000)
  to   space 62464K, 0% used [0x00000000eef00000,0x00000000eef00000,0x00000000f2c00000)
 ParOldGen       total 185344K, used 49884K [0x00000000a0000000, 0x00000000ab500000, 0x00000000e0000000)
  object space 185344K, 26% used [0x00000000a0000000,0x00000000a30b70e0,0x00000000ab500000)
 Metaspace       used 75866K, capacity 78810K, committed 80768K, reserved 1120256K
  class space    used 9520K, capacity 9974K, committed 10624K, reserved 1048576K
}

Deoptimization events (10 events):
Event: 2378.052 Thread 0x000000001df00000 Uncommon trap: reason=null_check action=make_not_entrant pc=0x000000000640a3d8 method=com.sun.org.apache.xerces.internal.dom.NamedNodeMapImpl.findNamePoint(Ljava/lang/String;Ljava/lang/String;)I @ 76
Event: 2378.060 Thread 0x000000001df00000 Uncommon trap: reason=null_check action=make_not_entrant pc=0x000000000640b5dc method=com.sun.org.apache.xerces.internal.dom.NamedNodeMapImpl.findNamePoint(Ljava/lang/String;Ljava/lang/String;)I @ 76
Event: 2378.177 Thread 0x000000001df00000 Uncommon trap: reason=null_check action=make_not_entrant pc=0x0000000006403350 method=com.sun.org.apache.xerces.internal.dom.NamedNodeMapImpl.findNamePoint(Ljava/lang/String;Ljava/lang/String;)I @ 105
Event: 2381.069 Thread 0x000000001df00000 Uncommon trap: reason=speculate_class_check action=maybe_recompile pc=0x00000000064fdf7c method=com.android.utils.PositionXmlParser.getPositionHelper(Lorg/w3c/dom/Node;II)Lcom/android/utils/PositionXmlParser$Position; @ 110
Event: 2381.069 Thread 0x000000001df00000 Uncommon trap: reason=speculate_class_check action=maybe_recompile pc=0x00000000064fdf7c method=com.android.utils.PositionXmlParser.getPositionHelper(Lorg/w3c/dom/Node;II)Lcom/android/utils/PositionXmlParser$Position; @ 110
Event: 2381.070 Thread 0x000000001df00000 Uncommon trap: reason=speculate_class_check action=maybe_recompile pc=0x00000000064fdf7c method=com.android.utils.PositionXmlParser.getPositionHelper(Lorg/w3c/dom/Node;II)Lcom/android/utils/PositionXmlParser$Position; @ 110
Event: 2381.070 Thread 0x000000001df00000 Uncommon trap: reason=speculate_class_check action=maybe_recompile pc=0x00000000064fdf7c method=com.android.utils.PositionXmlParser.getPositionHelper(Lorg/w3c/dom/Node;II)Lcom/android/utils/PositionXmlParser$Position; @ 110
Event: 2381.071 Thread 0x000000001df00000 Uncommon trap: reason=unstable_if action=reinterpret pc=0x00000000036346c0 method=java.util.regex.Matcher.match(II)Z @ 30
Event: 2381.110 Thread 0x000000001df00000 Uncommon trap: reason=bimorphic action=maybe_recompile pc=0x0000000004e8d4c4 method=java.io.Writer.write(Ljava/lang/String;)V @ 7
Event: 2381.165 Thread 0x000000001df00000 Uncommon trap: reason=predicate action=maybe_recompile pc=0x000000000656104c method=java.util.TimSort.mergeLo(IIII)V @ 153

Internal exceptions (10 events):
Event: 2372.022 Thread 0x000000001df00000 Exception <a 'sun/nio/fs/WindowsException'> (0x00000000e4c52778) thrown at [C:\src\android\AOSP-openjdk\external\jetbrains\jdk\hotspot\src\share\vm\prims\jni.cpp, line 709]
Event: 2372.022 Thread 0x000000001df00000 Exception <a 'sun/nio/fs/WindowsException'> (0x00000000e4c543b8) thrown at [C:\src\android\AOSP-openjdk\external\jetbrains\jdk\hotspot\src\share\vm\prims\jni.cpp, line 709]
Event: 2372.022 Thread 0x000000001df00000 Exception <a 'sun/nio/fs/WindowsException'> (0x00000000e4c55000) thrown at [C:\src\android\AOSP-openjdk\external\jetbrains\jdk\hotspot\src\share\vm\prims\jni.cpp, line 709]
Event: 2372.022 Thread 0x000000001df00000 Exception <a 'sun/nio/fs/WindowsException'> (0x00000000e4c57a30) thrown at [C:\src\android\AOSP-openjdk\external\jetbrains\jdk\hotspot\src\share\vm\prims\jni.cpp, line 709]
Event: 2372.022 Thread 0x000000001df00000 Exception <a 'sun/nio/fs/WindowsException'> (0x00000000e4c586b0) thrown at [C:\src\android\AOSP-openjdk\external\jetbrains\jdk\hotspot\src\share\vm\prims\jni.cpp, line 709]
Event: 2372.022 Thread 0x000000001df00000 Exception <a 'sun/nio/fs/WindowsException'> (0x00000000e4c5a368) thrown at [C:\src\android\AOSP-openjdk\external\jetbrains\jdk\hotspot\src\share\vm\prims\jni.cpp, line 709]
Event: 2372.022 Thread 0x000000001df00000 Exception <a 'sun/nio/fs/WindowsException'> (0x00000000e4c5b028) thrown at [C:\src\android\AOSP-openjdk\external\jetbrains\jdk\hotspot\src\share\vm\prims\jni.cpp, line 709]
Event: 2378.052 Thread 0x000000001df00000 Implicit null exception at 0x0000000006409ecf to 0x000000000640a3a9
Event: 2378.060 Thread 0x000000001df00000 Implicit null exception at 0x000000000640aff4 to 0x000000000640b5cd
Event: 2378.177 Thread 0x000000001df00000 Implicit null exception at 0x0000000006402f84 to 0x000000000640333b

Events (10 events):
Event: 2381.165 Thread 0x000000001df00000 DEOPT UNPACKING pc=0x0000000002e4556a sp=0x000000003408d0c0 mode 2
Event: 2381.170 Thread 0x000000001df07800 Thread added: 0x000000001df07800
Event: 2381.172 Thread 0x000000001df09000 Thread added: 0x000000001df09000
Event: 2381.183 Thread 0x000000001df02800 Thread added: 0x000000001df02800
Event: 2381.183 Thread 0x000000001df03000 Thread added: 0x000000001df03000
Event: 2381.183 Thread 0x0000000020ac2000 Thread added: 0x0000000020ac2000
Event: 2381.183 Thread 0x000000001df02800 Thread exited: 0x000000001df02800
Event: 2381.183 Thread 0x0000000020ac3000 Thread added: 0x0000000020ac3000
Event: 2381.183 Executing VM operation: RevokeBias
Event: 2381.183 Executing VM operation: RevokeBias done


Dynamic libraries:
0x00007ff621880000 - 0x00007ff6218b1000 	C:\Program Files\Android\Android Studio\jre\bin\java.exe
0x00007ffb859a0000 - 0x00007ffb85b71000 	C:\WINDOWS\SYSTEM32\ntdll.dll
0x00007ffb838d0000 - 0x00007ffb8397b000 	C:\WINDOWS\System32\KERNEL32.DLL
0x00007ffb81ed0000 - 0x00007ffb820ed000 	C:\WINDOWS\System32\KERNELBASE.dll
0x00007ffb843a0000 - 0x00007ffb84442000 	C:\WINDOWS\System32\ADVAPI32.dll
0x00007ffb837d0000 - 0x00007ffb8386e000 	C:\WINDOWS\System32\msvcrt.dll
0x00007ffb83870000 - 0x00007ffb838c9000 	C:\WINDOWS\System32\sechost.dll
0x00007ffb83980000 - 0x00007ffb83aa1000 	C:\WINDOWS\System32\RPCRT4.dll
0x00007ffb82fd0000 - 0x00007ffb83135000 	C:\WINDOWS\System32\USER32.dll
0x00007ffb82440000 - 0x00007ffb8245e000 	C:\WINDOWS\System32\win32u.dll
0x00007ffb83d80000 - 0x00007ffb83db4000 	C:\WINDOWS\System32\GDI32.dll
0x00007ffb821b0000 - 0x00007ffb82332000 	C:\WINDOWS\System32\gdi32full.dll
0x00007ffb78c70000 - 0x00007ffb78ee9000 	C:\WINDOWS\WinSxS\amd64_microsoft.windows.common-controls_6595b64144ccf1df_6.0.14393.447_none_42191651c6827bb3\COMCTL32.dll
0x00007ffb833f0000 - 0x00007ffb836b8000 	C:\WINDOWS\System32\combase.dll
0x00007ffb82340000 - 0x00007ffb82435000 	C:\WINDOWS\System32\ucrtbase.dll
0x00007ffb820f0000 - 0x00007ffb8215a000 	C:\WINDOWS\System32\bcryptPrimitives.dll
0x00007ffb83ab0000 - 0x00007ffb83ade000 	C:\WINDOWS\System32\IMM32.DLL
0x0000000062ad0000 - 0x0000000062ba2000 	C:\Program Files\Android\Android Studio\jre\jre\bin\msvcr100.dll
0x0000000061c30000 - 0x0000000062464000 	C:\Program Files\Android\Android Studio\jre\jre\bin\server\jvm.dll
0x00007ffb83380000 - 0x00007ffb83388000 	C:\WINDOWS\System32\PSAPI.DLL
0x00007ffb7d390000 - 0x00007ffb7d39a000 	C:\WINDOWS\SYSTEM32\VERSION.dll
0x00007ffb765e0000 - 0x00007ffb765e9000 	C:\WINDOWS\SYSTEM32\WSOCK32.dll
0x00007ffb80180000 - 0x00007ffb801a3000 	C:\WINDOWS\SYSTEM32\WINMM.dll
0x00007ffb83d10000 - 0x00007ffb83d7a000 	C:\WINDOWS\System32\WS2_32.dll
0x00007ffb800a0000 - 0x00007ffb800cb000 	C:\WINDOWS\SYSTEM32\WINMMBASE.dll
0x00007ffb82160000 - 0x00007ffb821a2000 	C:\WINDOWS\System32\cfgmgr32.dll
0x00007ffb7d760000 - 0x00007ffb7d76f000 	C:\Program Files\Android\Android Studio\jre\jre\bin\verify.dll
0x00007ffb79f20000 - 0x00007ffb79f49000 	C:\Program Files\Android\Android Studio\jre\jre\bin\java.dll
0x00007ffb79f00000 - 0x00007ffb79f16000 	C:\Program Files\Android\Android Studio\jre\jre\bin\zip.dll
0x00007ffb84470000 - 0x00007ffb85979000 	C:\WINDOWS\System32\SHELL32.dll
0x00007ffb82460000 - 0x00007ffb82b3a000 	C:\WINDOWS\System32\windows.storage.dll
0x00007ffb81de0000 - 0x00007ffb81e2c000 	C:\WINDOWS\System32\powrprof.dll
0x00007ffb83390000 - 0x00007ffb833e2000 	C:\WINDOWS\System32\shlwapi.dll
0x00007ffb81e30000 - 0x00007ffb81e3f000 	C:\WINDOWS\System32\kernel.appcore.dll
0x00007ffb82d10000 - 0x00007ffb82db9000 	C:\WINDOWS\System32\shcore.dll
0x00007ffb81e40000 - 0x00007ffb81e54000 	C:\WINDOWS\System32\profapi.dll
0x00007ffb798d0000 - 0x00007ffb798ea000 	C:\Program Files\Android\Android Studio\jre\jre\bin\net.dll
0x00007ffb81710000 - 0x00007ffb8176c000 	C:\WINDOWS\system32\mswsock.dll
0x00007ffb796e0000 - 0x00007ffb796f1000 	C:\Program Files\Android\Android Studio\jre\jre\bin\nio.dll
0x00007ffb79fc0000 - 0x00007ffb79fd2000 	C:\Users\Anonymous\.gradle\native\19\windows-amd64\native-platform.dll
0x00007ffb818b0000 - 0x00007ffb818c7000 	C:\WINDOWS\SYSTEM32\CRYPTSP.dll
0x00007ffb81320000 - 0x00007ffb81353000 	C:\WINDOWS\system32\rsaenh.dll
0x00007ffb819c0000 - 0x00007ffb819eb000 	C:\WINDOWS\SYSTEM32\bcrypt.dll
0x00007ffb81590000 - 0x00007ffb815af000 	C:\WINDOWS\SYSTEM32\USERENV.dll
0x00007ffb818d0000 - 0x00007ffb818db000 	C:\WINDOWS\SYSTEM32\CRYPTBASE.dll
0x00007ffb814a0000 - 0x00007ffb814d8000 	C:\WINDOWS\SYSTEM32\IPHLPAPI.DLL
0x00007ffb836c0000 - 0x00007ffb836c8000 	C:\WINDOWS\System32\NSI.dll
0x00007ffb7cf40000 - 0x00007ffb7cf56000 	C:\WINDOWS\SYSTEM32\dhcpcsvc6.DLL
0x00007ffb7bb30000 - 0x00007ffb7bb4a000 	C:\WINDOWS\SYSTEM32\dhcpcsvc.DLL
0x00007ffb7d0e0000 - 0x00007ffb7d0ed000 	C:\Program Files\Android\Android Studio\jre\jre\bin\management.dll
0x00007ffb796b0000 - 0x00007ffb796d4000 	C:\Program Files\Android\Android Studio\jre\jre\bin\sunec.dll
0x00007ffb814e0000 - 0x00007ffb81580000 	C:\WINDOWS\SYSTEM32\DNSAPI.dll
0x00007ffb7a9a0000 - 0x00007ffb7a9aa000 	C:\Windows\System32\rasadhlp.dll
0x00007ffb7abe0000 - 0x00007ffb7ac4a000 	C:\WINDOWS\System32\fwpuclnt.dll
0x00007ffb7d7a0000 - 0x00007ffb7d7ab000 	C:\Program Files\Android\Android Studio\jre\jre\bin\sunmscapi.dll
0x00007ffb82b40000 - 0x00007ffb82d09000 	C:\WINDOWS\System32\CRYPT32.dll
0x00007ffb81e60000 - 0x00007ffb81e70000 	C:\WINDOWS\System32\MSASN1.dll

VM Arguments:
jvm_args: -Xmx1536m -Dfile.encoding=windows-1252 -Duser.country=US -Duser.language=en -Duser.variant 
java_command: org.gradle.launcher.daemon.bootstrap.GradleDaemon 2.14.1
java_class_path (initial): C:\Users\Anonymous\.gradle\wrapper\dists\gradle-2.14.1-all\8bnwg5hd3w55iofp58khbp6yv\gradle-2.14.1\lib\gradle-launcher-2.14.1.jar
Launcher Type: SUN_STANDARD

Environment Variables:
PATH=C:\ProgramData\Oracle\Java\javapath;C:\Program Files\Common Files\Microsoft Shared\Windows Live;C:\Program Files (x86)\Common Files\Microsoft Shared\Windows Live;C:\Program Files (x86)\Intel\iCLS Client\;C:\Program Files\Intel\iCLS Client\;C:\WINDOWS\system32;C:\WINDOWS;C:\WINDOWS\System32\Wbem;C:\WINDOWS\System32\WindowsPowerShell\v1.0\;C:\Program Files\Intel\WiFi\bin\;C:\Program Files\Common Files\Intel\WirelessCommon\;C:\Program Files\ThinkPad\Bluetooth Software\;C:\Program Files\ThinkPad\Bluetooth Software\syswow64;C:\Program Files\Intel\Intel(R) Management Engine Components\DAL;C:\Program Files\Intel\Intel(R) Management Engine Components\IPT;C:\Program Files (x86)\Intel\Intel(R) Management Engine Components\DAL;C:\Program Files (x86)\Intel\Intel(R) Management Engine Components\IPT;C:\Program Files (x86)\Intel\OpenCL SDK\2.0\bin\x86;C:\Program Files (x86)\Intel\OpenCL SDK\2.0\bin\x64;C:\Program Files\Common Files\Lenovo;C:\Program Files (x86)\Common Files\Ulead Systems\MPEG;C:\Program Files (x86)\Windows Live\Shared;C:\SWTOOLS\ReadyApps;C:\Program Files (x86)\Common Files\Lenovo;C:\Program Files\Git\cmd;C:\Program Files\nodejs\;C:\Users\Anonymous\AppData\Local\Microsoft\WindowsApps;C:\Program Files\Heroku\bin;C:\Users\Anonymous\AppData\Roaming\npm;C:\Program Files\GPAC;C:\Program Files\GPAC;C:\Program Files\MP4Box
USERNAME=Anonymous
OS=Windows_NT
PROCESSOR_IDENTIFIER=Intel64 Family 6 Model 58 Stepping 9, GenuineIntel



---------------  S Y S T E M  ---------------

OS: Windows 10.0 , 64 bit Build 14393 (10.0.14393.0)

CPU:total 8 (4 cores per cpu, 2 threads per core) family 6 model 58 stepping 9, cmov, cx8, fxsr, mmx, sse, sse2, sse3, ssse3, sse4.1, sse4.2, popcnt, avx, aes, clmul, erms, ht, tsc, tscinvbit, tscinv

Memory: 4k page, physical 8014636k(1324592k free), swap 10111788k(5956k free)

vm_info: OpenJDK 64-Bit Server VM (25.76-b03) for windows-amd64 JRE (1.8.0_76-release-b03), built on Jun 29 2016 19:09:20 by "ralucas" with MS VC++ 10.0 (VS2010)

time: Wed Mar 01 16:03:54 2017
elapsed time: 2381 seconds (0d 0h 39m 41s)

